  [1m[35m (0.3ms)[0m  [1m[35mSET NAMES utf8,  @@SESSION.sql_mode = CONCAT(CONCAT(@@sql_mode, ',STRICT_ALL_TABLES'), ',NO_AUTO_VALUE_ON_ZERO'),  @@SESSION.sql_auto_is_null = 0, @@SESSION.wait_timeout = 2147483[0m
Started GET "/login" for 127.0.0.1 at 2018-03-08 15:04:47 +0900
  [1m[35m (2.2ms)[0m  [1m[35mSET NAMES utf8,  @@SESSION.sql_mode = CONCAT(CONCAT(@@sql_mode, ',STRICT_ALL_TABLES'), ',NO_AUTO_VALUE_ON_ZERO'),  @@SESSION.sql_auto_is_null = 0, @@SESSION.wait_timeout = 2147483[0m
  
ActiveRecord::PendingMigrationError (

Migrations are pending. To resolve this issue, run:

        bin/rails db:migrate RAILS_ENV=development

):
  
activerecord (5.1.5) lib/active_record/migration.rb:576:in `check_pending!'
activerecord (5.1.5) lib/active_record/migration.rb:553:in `call'
actionpack (5.1.5) lib/action_dispatch/middleware/callbacks.rb:26:in `block in call'
activesupport (5.1.5) lib/active_support/callbacks.rb:97:in `run_callbacks'
actionpack (5.1.5) lib/action_dispatch/middleware/callbacks.rb:24:in `call'
actionpack (5.1.5) lib/action_dispatch/middleware/executor.rb:12:in `call'
actionpack (5.1.5) lib/action_dispatch/middleware/debug_exceptions.rb:59:in `call'
actionpack (5.1.5) lib/action_dispatch/middleware/show_exceptions.rb:31:in `call'
railties (5.1.5) lib/rails/rack/logger.rb:36:in `call_app'
railties (5.1.5) lib/rails/rack/logger.rb:24:in `block in call'
activesupport (5.1.5) lib/active_support/tagged_logging.rb:69:in `block in tagged'
activesupport (5.1.5) lib/active_support/tagged_logging.rb:26:in `tagged'
activesupport (5.1.5) lib/active_support/tagged_logging.rb:69:in `tagged'
railties (5.1.5) lib/rails/rack/logger.rb:24:in `call'
actionpack (5.1.5) lib/action_dispatch/middleware/remote_ip.rb:79:in `call'
actionpack (5.1.5) lib/action_dispatch/middleware/request_id.rb:25:in `call'
rack (2.0.4) lib/rack/runtime.rb:22:in `call'
activesupport (5.1.5) lib/active_support/cache/strategy/local_cache_middleware.rb:27:in `call'
actionpack (5.1.5) lib/action_dispatch/middleware/executor.rb:12:in `call'
actionpack (5.1.5) lib/action_dispatch/middleware/static.rb:125:in `call'
rack (2.0.4) lib/rack/sendfile.rb:111:in `call'
railties (5.1.5) lib/rails/engine.rb:522:in `call'
puma (3.11.3) lib/puma/configuration.rb:225:in `call'
puma (3.11.3) lib/puma/server.rb:624:in `handle_request'
puma (3.11.3) lib/puma/server.rb:438:in `process_client'
puma (3.11.3) lib/puma/server.rb:302:in `block in run'
puma (3.11.3) lib/puma/thread_pool.rb:120:in `block in spawn_thread'
Started GET "/favicon.ico" for 127.0.0.1 at 2018-03-08 15:04:48 +0900
  [1m[35m (0.8ms)[0m  [1m[35mSET NAMES utf8,  @@SESSION.sql_mode = CONCAT(CONCAT(@@sql_mode, ',STRICT_ALL_TABLES'), ',NO_AUTO_VALUE_ON_ZERO'),  @@SESSION.sql_auto_is_null = 0, @@SESSION.wait_timeout = 2147483[0m
  
ActiveRecord::PendingMigrationError (

Migrations are pending. To resolve this issue, run:

        bin/rails db:migrate RAILS_ENV=development

):
  
activerecord (5.1.5) lib/active_record/migration.rb:576:in `check_pending!'
activerecord (5.1.5) lib/active_record/migration.rb:553:in `call'
actionpack (5.1.5) lib/action_dispatch/middleware/callbacks.rb:26:in `block in call'
activesupport (5.1.5) lib/active_support/callbacks.rb:97:in `run_callbacks'
actionpack (5.1.5) lib/action_dispatch/middleware/callbacks.rb:24:in `call'
actionpack (5.1.5) lib/action_dispatch/middleware/executor.rb:12:in `call'
actionpack (5.1.5) lib/action_dispatch/middleware/debug_exceptions.rb:59:in `call'
actionpack (5.1.5) lib/action_dispatch/middleware/show_exceptions.rb:31:in `call'
railties (5.1.5) lib/rails/rack/logger.rb:36:in `call_app'
railties (5.1.5) lib/rails/rack/logger.rb:24:in `block in call'
activesupport (5.1.5) lib/active_support/tagged_logging.rb:69:in `block in tagged'
activesupport (5.1.5) lib/active_support/tagged_logging.rb:26:in `tagged'
activesupport (5.1.5) lib/active_support/tagged_logging.rb:69:in `tagged'
railties (5.1.5) lib/rails/rack/logger.rb:24:in `call'
actionpack (5.1.5) lib/action_dispatch/middleware/remote_ip.rb:79:in `call'
actionpack (5.1.5) lib/action_dispatch/middleware/request_id.rb:25:in `call'
rack (2.0.4) lib/rack/runtime.rb:22:in `call'
activesupport (5.1.5) lib/active_support/cache/strategy/local_cache_middleware.rb:27:in `call'
actionpack (5.1.5) lib/action_dispatch/middleware/executor.rb:12:in `call'
actionpack (5.1.5) lib/action_dispatch/middleware/static.rb:125:in `call'
rack (2.0.4) lib/rack/sendfile.rb:111:in `call'
railties (5.1.5) lib/rails/engine.rb:522:in `call'
puma (3.11.3) lib/puma/configuration.rb:225:in `call'
puma (3.11.3) lib/puma/server.rb:624:in `handle_request'
puma (3.11.3) lib/puma/server.rb:438:in `process_client'
puma (3.11.3) lib/puma/server.rb:302:in `block in run'
puma (3.11.3) lib/puma/thread_pool.rb:120:in `block in spawn_thread'
Started GET "/" for 127.0.0.1 at 2018-03-08 15:10:31 +0900
  [1m[35m (0.3ms)[0m  [1m[35mSET NAMES utf8,  @@SESSION.sql_mode = CONCAT(CONCAT(@@sql_mode, ',STRICT_ALL_TABLES'), ',NO_AUTO_VALUE_ON_ZERO'),  @@SESSION.sql_auto_is_null = 0, @@SESSION.wait_timeout = 2147483[0m
  
ActiveRecord::PendingMigrationError (

Migrations are pending. To resolve this issue, run:

        bin/rails db:migrate RAILS_ENV=development

):
  
activerecord (5.1.5) lib/active_record/migration.rb:576:in `check_pending!'
activerecord (5.1.5) lib/active_record/migration.rb:553:in `call'
actionpack (5.1.5) lib/action_dispatch/middleware/callbacks.rb:26:in `block in call'
activesupport (5.1.5) lib/active_support/callbacks.rb:97:in `run_callbacks'
actionpack (5.1.5) lib/action_dispatch/middleware/callbacks.rb:24:in `call'
actionpack (5.1.5) lib/action_dispatch/middleware/executor.rb:12:in `call'
actionpack (5.1.5) lib/action_dispatch/middleware/debug_exceptions.rb:59:in `call'
actionpack (5.1.5) lib/action_dispatch/middleware/show_exceptions.rb:31:in `call'
railties (5.1.5) lib/rails/rack/logger.rb:36:in `call_app'
railties (5.1.5) lib/rails/rack/logger.rb:24:in `block in call'
activesupport (5.1.5) lib/active_support/tagged_logging.rb:69:in `block in tagged'
activesupport (5.1.5) lib/active_support/tagged_logging.rb:26:in `tagged'
activesupport (5.1.5) lib/active_support/tagged_logging.rb:69:in `tagged'
railties (5.1.5) lib/rails/rack/logger.rb:24:in `call'
actionpack (5.1.5) lib/action_dispatch/middleware/remote_ip.rb:79:in `call'
actionpack (5.1.5) lib/action_dispatch/middleware/request_id.rb:25:in `call'
rack (2.0.4) lib/rack/runtime.rb:22:in `call'
activesupport (5.1.5) lib/active_support/cache/strategy/local_cache_middleware.rb:27:in `call'
actionpack (5.1.5) lib/action_dispatch/middleware/executor.rb:12:in `call'
actionpack (5.1.5) lib/action_dispatch/middleware/static.rb:125:in `call'
rack (2.0.4) lib/rack/sendfile.rb:111:in `call'
railties (5.1.5) lib/rails/engine.rb:522:in `call'
puma (3.11.3) lib/puma/configuration.rb:225:in `call'
puma (3.11.3) lib/puma/server.rb:624:in `handle_request'
puma (3.11.3) lib/puma/server.rb:438:in `process_client'
puma (3.11.3) lib/puma/server.rb:302:in `block in run'
puma (3.11.3) lib/puma/thread_pool.rb:120:in `block in spawn_thread'
Started GET "/favicon.ico" for 127.0.0.1 at 2018-03-08 15:10:32 +0900
  
ActiveRecord::PendingMigrationError (

Migrations are pending. To resolve this issue, run:

        bin/rails db:migrate RAILS_ENV=development

):
  
activerecord (5.1.5) lib/active_record/migration.rb:576:in `check_pending!'
activerecord (5.1.5) lib/active_record/migration.rb:553:in `call'
actionpack (5.1.5) lib/action_dispatch/middleware/callbacks.rb:26:in `block in call'
activesupport (5.1.5) lib/active_support/callbacks.rb:97:in `run_callbacks'
actionpack (5.1.5) lib/action_dispatch/middleware/callbacks.rb:24:in `call'
actionpack (5.1.5) lib/action_dispatch/middleware/executor.rb:12:in `call'
actionpack (5.1.5) lib/action_dispatch/middleware/debug_exceptions.rb:59:in `call'
actionpack (5.1.5) lib/action_dispatch/middleware/show_exceptions.rb:31:in `call'
railties (5.1.5) lib/rails/rack/logger.rb:36:in `call_app'
railties (5.1.5) lib/rails/rack/logger.rb:24:in `block in call'
activesupport (5.1.5) lib/active_support/tagged_logging.rb:69:in `block in tagged'
activesupport (5.1.5) lib/active_support/tagged_logging.rb:26:in `tagged'
activesupport (5.1.5) lib/active_support/tagged_logging.rb:69:in `tagged'
railties (5.1.5) lib/rails/rack/logger.rb:24:in `call'
actionpack (5.1.5) lib/action_dispatch/middleware/remote_ip.rb:79:in `call'
actionpack (5.1.5) lib/action_dispatch/middleware/request_id.rb:25:in `call'
rack (2.0.4) lib/rack/runtime.rb:22:in `call'
activesupport (5.1.5) lib/active_support/cache/strategy/local_cache_middleware.rb:27:in `call'
actionpack (5.1.5) lib/action_dispatch/middleware/executor.rb:12:in `call'
actionpack (5.1.5) lib/action_dispatch/middleware/static.rb:125:in `call'
rack (2.0.4) lib/rack/sendfile.rb:111:in `call'
railties (5.1.5) lib/rails/engine.rb:522:in `call'
puma (3.11.3) lib/puma/configuration.rb:225:in `call'
puma (3.11.3) lib/puma/server.rb:624:in `handle_request'
puma (3.11.3) lib/puma/server.rb:438:in `process_client'
puma (3.11.3) lib/puma/server.rb:302:in `block in run'
puma (3.11.3) lib/puma/thread_pool.rb:120:in `block in spawn_thread'
  [1m[35m (2.0ms)[0m  [1m[35mSET NAMES utf8,  @@SESSION.sql_mode = CONCAT(CONCAT(@@sql_mode, ',STRICT_ALL_TABLES'), ',NO_AUTO_VALUE_ON_ZERO'),  @@SESSION.sql_auto_is_null = 0, @@SESSION.wait_timeout = 2147483[0m
  [1m[35m (42.6ms)[0m  [1m[35mCREATE TABLE `schema_migrations` (`version` varchar(255) NOT NULL PRIMARY KEY) ENGINE=InnoDB[0m
  [1m[35m (15.0ms)[0m  [1m[35mCREATE TABLE `ar_internal_metadata` (`key` varchar(255) NOT NULL PRIMARY KEY, `value` varchar(255), `created_at` datetime NOT NULL, `updated_at` datetime NOT NULL) ENGINE=InnoDB[0m
  [1m[35m (0.5ms)[0m  [1m[34mSELECT GET_LOCK('5288427128707212630', 0)[0m
  [1m[35m (0.8ms)[0m  [1m[34mSELECT `schema_migrations`.`version` FROM `schema_migrations` ORDER BY `schema_migrations`.`version` ASC[0m
Migrating to CreateBooks (20180308055635)
  [1m[35m (19.4ms)[0m  [1m[35mCREATE TABLE `books` (`id` bigint NOT NULL AUTO_INCREMENT PRIMARY KEY, `title` varchar(255), `author` varchar(255), `weight` varchar(255), `publisher` varchar(255), `language` varchar(255), `pages` int, `publication_date` datetime, `created_at` datetime NOT NULL, `updated_at` datetime NOT NULL) ENGINE=InnoDB[0m
  [1m[35m (0.2ms)[0m  [1m[35mBEGIN[0m
  [1m[35mSQL (1.2ms)[0m  [1m[32mINSERT INTO `schema_migrations` (`version`) VALUES ('20180308055635')[0m
  [1m[35m (0.4ms)[0m  [1m[35mCOMMIT[0m
  [1m[36mActiveRecord::InternalMetadata Load (0.2ms)[0m  [1m[34mSELECT  `ar_internal_metadata`.* FROM `ar_internal_metadata` WHERE `ar_internal_metadata`.`key` = 'environment' LIMIT 1[0m
  [1m[35m (5.6ms)[0m  [1m[35mBEGIN[0m
  [1m[35mSQL (0.9ms)[0m  [1m[32mINSERT INTO `ar_internal_metadata` (`key`, `value`, `created_at`, `updated_at`) VALUES ('environment', 'development', '2018-03-08 06:10:41', '2018-03-08 06:10:41')[0m
  [1m[35m (0.4ms)[0m  [1m[35mCOMMIT[0m
  [1m[35m (0.2ms)[0m  [1m[34mSELECT RELEASE_LOCK('5288427128707212630')[0m
  [1m[35m (0.5ms)[0m  [1m[34mSELECT `schema_migrations`.`version` FROM `schema_migrations` ORDER BY `schema_migrations`.`version` ASC[0m
Started GET "/" for 127.0.0.1 at 2018-03-08 15:10:45 +0900
  [1m[35m (2.3ms)[0m  [1m[34mSELECT `schema_migrations`.`version` FROM `schema_migrations` ORDER BY `schema_migrations`.`version` ASC[0m
Processing by Rails::WelcomeController#index as HTML
  Rendering /Users/bang.tran/.rvm/gems/ruby-2.4.1/gems/railties-5.1.5/lib/rails/templates/rails/welcome/index.html.erb
  Rendered /Users/bang.tran/.rvm/gems/ruby-2.4.1/gems/railties-5.1.5/lib/rails/templates/rails/welcome/index.html.erb (2.6ms)
Completed 200 OK in 8ms (Views: 5.7ms | ActiveRecord: 0.0ms)


Started GET "/favicon.ico" for 127.0.0.1 at 2018-03-08 15:10:45 +0900
  
ActionController::RoutingError (No route matches [GET] "/favicon.ico"):
  
actionpack (5.1.5) lib/action_dispatch/middleware/debug_exceptions.rb:63:in `call'
actionpack (5.1.5) lib/action_dispatch/middleware/show_exceptions.rb:31:in `call'
railties (5.1.5) lib/rails/rack/logger.rb:36:in `call_app'
railties (5.1.5) lib/rails/rack/logger.rb:24:in `block in call'
activesupport (5.1.5) lib/active_support/tagged_logging.rb:69:in `block in tagged'
activesupport (5.1.5) lib/active_support/tagged_logging.rb:26:in `tagged'
activesupport (5.1.5) lib/active_support/tagged_logging.rb:69:in `tagged'
railties (5.1.5) lib/rails/rack/logger.rb:24:in `call'
actionpack (5.1.5) lib/action_dispatch/middleware/remote_ip.rb:79:in `call'
actionpack (5.1.5) lib/action_dispatch/middleware/request_id.rb:25:in `call'
rack (2.0.4) lib/rack/runtime.rb:22:in `call'
activesupport (5.1.5) lib/active_support/cache/strategy/local_cache_middleware.rb:27:in `call'
actionpack (5.1.5) lib/action_dispatch/middleware/executor.rb:12:in `call'
actionpack (5.1.5) lib/action_dispatch/middleware/static.rb:125:in `call'
rack (2.0.4) lib/rack/sendfile.rb:111:in `call'
railties (5.1.5) lib/rails/engine.rb:522:in `call'
puma (3.11.3) lib/puma/configuration.rb:225:in `call'
puma (3.11.3) lib/puma/server.rb:624:in `handle_request'
puma (3.11.3) lib/puma/server.rb:438:in `process_client'
puma (3.11.3) lib/puma/server.rb:302:in `block in run'
puma (3.11.3) lib/puma/thread_pool.rb:120:in `block in spawn_thread'
Started GET "/api.library.com" for 127.0.0.1 at 2018-03-08 15:11:17 +0900
  
ActionController::RoutingError (No route matches [GET] "/api.library.com"):
  
actionpack (5.1.5) lib/action_dispatch/middleware/debug_exceptions.rb:63:in `call'
actionpack (5.1.5) lib/action_dispatch/middleware/show_exceptions.rb:31:in `call'
railties (5.1.5) lib/rails/rack/logger.rb:36:in `call_app'
railties (5.1.5) lib/rails/rack/logger.rb:24:in `block in call'
activesupport (5.1.5) lib/active_support/tagged_logging.rb:69:in `block in tagged'
activesupport (5.1.5) lib/active_support/tagged_logging.rb:26:in `tagged'
activesupport (5.1.5) lib/active_support/tagged_logging.rb:69:in `tagged'
railties (5.1.5) lib/rails/rack/logger.rb:24:in `call'
actionpack (5.1.5) lib/action_dispatch/middleware/remote_ip.rb:79:in `call'
actionpack (5.1.5) lib/action_dispatch/middleware/request_id.rb:25:in `call'
rack (2.0.4) lib/rack/runtime.rb:22:in `call'
activesupport (5.1.5) lib/active_support/cache/strategy/local_cache_middleware.rb:27:in `call'
actionpack (5.1.5) lib/action_dispatch/middleware/executor.rb:12:in `call'
actionpack (5.1.5) lib/action_dispatch/middleware/static.rb:125:in `call'
rack (2.0.4) lib/rack/sendfile.rb:111:in `call'
railties (5.1.5) lib/rails/engine.rb:522:in `call'
puma (3.11.3) lib/puma/configuration.rb:225:in `call'
puma (3.11.3) lib/puma/server.rb:624:in `handle_request'
puma (3.11.3) lib/puma/server.rb:438:in `process_client'
puma (3.11.3) lib/puma/server.rb:302:in `block in run'
puma (3.11.3) lib/puma/thread_pool.rb:120:in `block in spawn_thread'
Started GET "/v1/books" for 127.0.0.1 at 2018-03-08 15:12:55 +0900
  
ActionController::RoutingError (No route matches [GET] "/v1/books"):
  
actionpack (5.1.5) lib/action_dispatch/middleware/debug_exceptions.rb:63:in `call'
actionpack (5.1.5) lib/action_dispatch/middleware/show_exceptions.rb:31:in `call'
railties (5.1.5) lib/rails/rack/logger.rb:36:in `call_app'
railties (5.1.5) lib/rails/rack/logger.rb:24:in `block in call'
activesupport (5.1.5) lib/active_support/tagged_logging.rb:69:in `block in tagged'
activesupport (5.1.5) lib/active_support/tagged_logging.rb:26:in `tagged'
activesupport (5.1.5) lib/active_support/tagged_logging.rb:69:in `tagged'
railties (5.1.5) lib/rails/rack/logger.rb:24:in `call'
actionpack (5.1.5) lib/action_dispatch/middleware/remote_ip.rb:79:in `call'
actionpack (5.1.5) lib/action_dispatch/middleware/request_id.rb:25:in `call'
rack (2.0.4) lib/rack/runtime.rb:22:in `call'
activesupport (5.1.5) lib/active_support/cache/strategy/local_cache_middleware.rb:27:in `call'
actionpack (5.1.5) lib/action_dispatch/middleware/executor.rb:12:in `call'
actionpack (5.1.5) lib/action_dispatch/middleware/static.rb:125:in `call'
rack (2.0.4) lib/rack/sendfile.rb:111:in `call'
railties (5.1.5) lib/rails/engine.rb:522:in `call'
puma (3.11.3) lib/puma/configuration.rb:225:in `call'
puma (3.11.3) lib/puma/server.rb:624:in `handle_request'
puma (3.11.3) lib/puma/server.rb:438:in `process_client'
puma (3.11.3) lib/puma/server.rb:302:in `block in run'
puma (3.11.3) lib/puma/thread_pool.rb:120:in `block in spawn_thread'
Started GET "/v1/books" for 127.0.0.1 at 2018-03-08 15:13:43 +0900
  
ActionController::RoutingError (No route matches [GET] "/v1/books"):
  
actionpack (5.1.5) lib/action_dispatch/middleware/debug_exceptions.rb:63:in `call'
actionpack (5.1.5) lib/action_dispatch/middleware/show_exceptions.rb:31:in `call'
railties (5.1.5) lib/rails/rack/logger.rb:36:in `call_app'
railties (5.1.5) lib/rails/rack/logger.rb:24:in `block in call'
activesupport (5.1.5) lib/active_support/tagged_logging.rb:69:in `block in tagged'
activesupport (5.1.5) lib/active_support/tagged_logging.rb:26:in `tagged'
activesupport (5.1.5) lib/active_support/tagged_logging.rb:69:in `tagged'
railties (5.1.5) lib/rails/rack/logger.rb:24:in `call'
actionpack (5.1.5) lib/action_dispatch/middleware/remote_ip.rb:79:in `call'
actionpack (5.1.5) lib/action_dispatch/middleware/request_id.rb:25:in `call'
rack (2.0.4) lib/rack/runtime.rb:22:in `call'
activesupport (5.1.5) lib/active_support/cache/strategy/local_cache_middleware.rb:27:in `call'
actionpack (5.1.5) lib/action_dispatch/middleware/executor.rb:12:in `call'
actionpack (5.1.5) lib/action_dispatch/middleware/static.rb:125:in `call'
rack (2.0.4) lib/rack/sendfile.rb:111:in `call'
railties (5.1.5) lib/rails/engine.rb:522:in `call'
puma (3.11.3) lib/puma/configuration.rb:225:in `call'
puma (3.11.3) lib/puma/server.rb:624:in `handle_request'
puma (3.11.3) lib/puma/server.rb:438:in `process_client'
puma (3.11.3) lib/puma/server.rb:302:in `block in run'
puma (3.11.3) lib/puma/thread_pool.rb:120:in `block in spawn_thread'
Started GET "/v1/books" for 127.0.0.1 at 2018-03-08 15:15:08 +0900
  
ActionController::RoutingError (No route matches [GET] "/v1/books"):
  
actionpack (5.1.5) lib/action_dispatch/middleware/debug_exceptions.rb:63:in `call'
actionpack (5.1.5) lib/action_dispatch/middleware/show_exceptions.rb:31:in `call'
railties (5.1.5) lib/rails/rack/logger.rb:36:in `call_app'
railties (5.1.5) lib/rails/rack/logger.rb:24:in `block in call'
activesupport (5.1.5) lib/active_support/tagged_logging.rb:69:in `block in tagged'
activesupport (5.1.5) lib/active_support/tagged_logging.rb:26:in `tagged'
activesupport (5.1.5) lib/active_support/tagged_logging.rb:69:in `tagged'
railties (5.1.5) lib/rails/rack/logger.rb:24:in `call'
actionpack (5.1.5) lib/action_dispatch/middleware/remote_ip.rb:79:in `call'
actionpack (5.1.5) lib/action_dispatch/middleware/request_id.rb:25:in `call'
rack (2.0.4) lib/rack/runtime.rb:22:in `call'
activesupport (5.1.5) lib/active_support/cache/strategy/local_cache_middleware.rb:27:in `call'
actionpack (5.1.5) lib/action_dispatch/middleware/executor.rb:12:in `call'
actionpack (5.1.5) lib/action_dispatch/middleware/static.rb:125:in `call'
rack (2.0.4) lib/rack/sendfile.rb:111:in `call'
railties (5.1.5) lib/rails/engine.rb:522:in `call'
puma (3.11.3) lib/puma/configuration.rb:225:in `call'
puma (3.11.3) lib/puma/server.rb:624:in `handle_request'
puma (3.11.3) lib/puma/server.rb:438:in `process_client'
puma (3.11.3) lib/puma/server.rb:302:in `block in run'
puma (3.11.3) lib/puma/thread_pool.rb:120:in `block in spawn_thread'
Started GET "/v1/books" for 127.0.0.1 at 2018-03-08 15:18:37 +0900
  
ActionController::RoutingError (No route matches [GET] "/v1/books"):
  
actionpack (5.1.5) lib/action_dispatch/middleware/debug_exceptions.rb:63:in `call'
actionpack (5.1.5) lib/action_dispatch/middleware/show_exceptions.rb:31:in `call'
railties (5.1.5) lib/rails/rack/logger.rb:36:in `call_app'
railties (5.1.5) lib/rails/rack/logger.rb:24:in `block in call'
activesupport (5.1.5) lib/active_support/tagged_logging.rb:69:in `block in tagged'
activesupport (5.1.5) lib/active_support/tagged_logging.rb:26:in `tagged'
activesupport (5.1.5) lib/active_support/tagged_logging.rb:69:in `tagged'
railties (5.1.5) lib/rails/rack/logger.rb:24:in `call'
actionpack (5.1.5) lib/action_dispatch/middleware/remote_ip.rb:79:in `call'
actionpack (5.1.5) lib/action_dispatch/middleware/request_id.rb:25:in `call'
rack (2.0.4) lib/rack/runtime.rb:22:in `call'
activesupport (5.1.5) lib/active_support/cache/strategy/local_cache_middleware.rb:27:in `call'
actionpack (5.1.5) lib/action_dispatch/middleware/executor.rb:12:in `call'
actionpack (5.1.5) lib/action_dispatch/middleware/static.rb:125:in `call'
rack (2.0.4) lib/rack/sendfile.rb:111:in `call'
railties (5.1.5) lib/rails/engine.rb:522:in `call'
puma (3.11.3) lib/puma/configuration.rb:225:in `call'
puma (3.11.3) lib/puma/server.rb:624:in `handle_request'
puma (3.11.3) lib/puma/server.rb:438:in `process_client'
puma (3.11.3) lib/puma/server.rb:302:in `block in run'
puma (3.11.3) lib/puma/thread_pool.rb:120:in `block in spawn_thread'
Started GET "/v1/books" for 127.0.0.1 at 2018-03-08 15:19:01 +0900
  
ActionController::RoutingError (uninitialized constant V1::BooksController):
  
activesupport (5.1.5) lib/active_support/inflector/methods.rb:271:in `const_get'
activesupport (5.1.5) lib/active_support/inflector/methods.rb:271:in `block in constantize'
activesupport (5.1.5) lib/active_support/inflector/methods.rb:267:in `each'
activesupport (5.1.5) lib/active_support/inflector/methods.rb:267:in `inject'
activesupport (5.1.5) lib/active_support/inflector/methods.rb:267:in `constantize'
actionpack (5.1.5) lib/action_dispatch/http/request.rb:85:in `controller_class_for'
actionpack (5.1.5) lib/action_dispatch/http/request.rb:78:in `controller_class'
actionpack (5.1.5) lib/action_dispatch/routing/route_set.rb:43:in `controller'
actionpack (5.1.5) lib/action_dispatch/routing/route_set.rb:29:in `serve'
actionpack (5.1.5) lib/action_dispatch/journey/router.rb:50:in `block in serve'
actionpack (5.1.5) lib/action_dispatch/journey/router.rb:33:in `each'
actionpack (5.1.5) lib/action_dispatch/journey/router.rb:33:in `serve'
actionpack (5.1.5) lib/action_dispatch/routing/route_set.rb:844:in `call'
versionist (1.7.0) lib/versionist/middleware.rb:39:in `_call'
versionist (1.7.0) lib/versionist/middleware.rb:17:in `call'
rack (2.0.4) lib/rack/etag.rb:25:in `call'
rack (2.0.4) lib/rack/conditional_get.rb:25:in `call'
rack (2.0.4) lib/rack/head.rb:12:in `call'
activerecord (5.1.5) lib/active_record/migration.rb:556:in `call'
actionpack (5.1.5) lib/action_dispatch/middleware/callbacks.rb:26:in `block in call'
activesupport (5.1.5) lib/active_support/callbacks.rb:97:in `run_callbacks'
actionpack (5.1.5) lib/action_dispatch/middleware/callbacks.rb:24:in `call'
actionpack (5.1.5) lib/action_dispatch/middleware/executor.rb:12:in `call'
actionpack (5.1.5) lib/action_dispatch/middleware/debug_exceptions.rb:59:in `call'
actionpack (5.1.5) lib/action_dispatch/middleware/show_exceptions.rb:31:in `call'
railties (5.1.5) lib/rails/rack/logger.rb:36:in `call_app'
railties (5.1.5) lib/rails/rack/logger.rb:24:in `block in call'
activesupport (5.1.5) lib/active_support/tagged_logging.rb:69:in `block in tagged'
activesupport (5.1.5) lib/active_support/tagged_logging.rb:26:in `tagged'
activesupport (5.1.5) lib/active_support/tagged_logging.rb:69:in `tagged'
railties (5.1.5) lib/rails/rack/logger.rb:24:in `call'
actionpack (5.1.5) lib/action_dispatch/middleware/remote_ip.rb:79:in `call'
actionpack (5.1.5) lib/action_dispatch/middleware/request_id.rb:25:in `call'
rack (2.0.4) lib/rack/runtime.rb:22:in `call'
activesupport (5.1.5) lib/active_support/cache/strategy/local_cache_middleware.rb:27:in `call'
actionpack (5.1.5) lib/action_dispatch/middleware/executor.rb:12:in `call'
actionpack (5.1.5) lib/action_dispatch/middleware/static.rb:125:in `call'
rack (2.0.4) lib/rack/sendfile.rb:111:in `call'
railties (5.1.5) lib/rails/engine.rb:522:in `call'
puma (3.11.3) lib/puma/configuration.rb:225:in `call'
puma (3.11.3) lib/puma/server.rb:624:in `handle_request'
puma (3.11.3) lib/puma/server.rb:438:in `process_client'
puma (3.11.3) lib/puma/server.rb:302:in `block in run'
puma (3.11.3) lib/puma/thread_pool.rb:120:in `block in spawn_thread'
Started GET "/v1/books" for 127.0.0.1 at 2018-03-08 15:19:46 +0900
  
ActionController::RoutingError (uninitialized constant V1::BooksController):
  
activesupport (5.1.5) lib/active_support/inflector/methods.rb:271:in `const_get'
activesupport (5.1.5) lib/active_support/inflector/methods.rb:271:in `block in constantize'
activesupport (5.1.5) lib/active_support/inflector/methods.rb:267:in `each'
activesupport (5.1.5) lib/active_support/inflector/methods.rb:267:in `inject'
activesupport (5.1.5) lib/active_support/inflector/methods.rb:267:in `constantize'
actionpack (5.1.5) lib/action_dispatch/http/request.rb:85:in `controller_class_for'
actionpack (5.1.5) lib/action_dispatch/http/request.rb:78:in `controller_class'
actionpack (5.1.5) lib/action_dispatch/routing/route_set.rb:43:in `controller'
actionpack (5.1.5) lib/action_dispatch/routing/route_set.rb:29:in `serve'
actionpack (5.1.5) lib/action_dispatch/journey/router.rb:50:in `block in serve'
actionpack (5.1.5) lib/action_dispatch/journey/router.rb:33:in `each'
actionpack (5.1.5) lib/action_dispatch/journey/router.rb:33:in `serve'
actionpack (5.1.5) lib/action_dispatch/routing/route_set.rb:844:in `call'
versionist (1.7.0) lib/versionist/middleware.rb:39:in `_call'
versionist (1.7.0) lib/versionist/middleware.rb:17:in `call'
rack (2.0.4) lib/rack/etag.rb:25:in `call'
rack (2.0.4) lib/rack/conditional_get.rb:25:in `call'
rack (2.0.4) lib/rack/head.rb:12:in `call'
activerecord (5.1.5) lib/active_record/migration.rb:556:in `call'
actionpack (5.1.5) lib/action_dispatch/middleware/callbacks.rb:26:in `block in call'
activesupport (5.1.5) lib/active_support/callbacks.rb:97:in `run_callbacks'
actionpack (5.1.5) lib/action_dispatch/middleware/callbacks.rb:24:in `call'
actionpack (5.1.5) lib/action_dispatch/middleware/executor.rb:12:in `call'
actionpack (5.1.5) lib/action_dispatch/middleware/debug_exceptions.rb:59:in `call'
actionpack (5.1.5) lib/action_dispatch/middleware/show_exceptions.rb:31:in `call'
railties (5.1.5) lib/rails/rack/logger.rb:36:in `call_app'
railties (5.1.5) lib/rails/rack/logger.rb:24:in `block in call'
activesupport (5.1.5) lib/active_support/tagged_logging.rb:69:in `block in tagged'
activesupport (5.1.5) lib/active_support/tagged_logging.rb:26:in `tagged'
activesupport (5.1.5) lib/active_support/tagged_logging.rb:69:in `tagged'
railties (5.1.5) lib/rails/rack/logger.rb:24:in `call'
actionpack (5.1.5) lib/action_dispatch/middleware/remote_ip.rb:79:in `call'
actionpack (5.1.5) lib/action_dispatch/middleware/request_id.rb:25:in `call'
rack (2.0.4) lib/rack/runtime.rb:22:in `call'
activesupport (5.1.5) lib/active_support/cache/strategy/local_cache_middleware.rb:27:in `call'
actionpack (5.1.5) lib/action_dispatch/middleware/executor.rb:12:in `call'
actionpack (5.1.5) lib/action_dispatch/middleware/static.rb:125:in `call'
rack (2.0.4) lib/rack/sendfile.rb:111:in `call'
railties (5.1.5) lib/rails/engine.rb:522:in `call'
puma (3.11.3) lib/puma/configuration.rb:225:in `call'
puma (3.11.3) lib/puma/server.rb:624:in `handle_request'
puma (3.11.3) lib/puma/server.rb:438:in `process_client'
puma (3.11.3) lib/puma/server.rb:302:in `block in run'
puma (3.11.3) lib/puma/thread_pool.rb:120:in `block in spawn_thread'
Started GET "/v1/books" for 127.0.0.1 at 2018-03-08 15:25:20 +0900
  
ActionController::RoutingError (uninitialized constant V1::BooksController):
  
activesupport (5.1.5) lib/active_support/inflector/methods.rb:271:in `const_get'
activesupport (5.1.5) lib/active_support/inflector/methods.rb:271:in `block in constantize'
activesupport (5.1.5) lib/active_support/inflector/methods.rb:267:in `each'
activesupport (5.1.5) lib/active_support/inflector/methods.rb:267:in `inject'
activesupport (5.1.5) lib/active_support/inflector/methods.rb:267:in `constantize'
actionpack (5.1.5) lib/action_dispatch/http/request.rb:85:in `controller_class_for'
actionpack (5.1.5) lib/action_dispatch/http/request.rb:78:in `controller_class'
actionpack (5.1.5) lib/action_dispatch/routing/route_set.rb:43:in `controller'
actionpack (5.1.5) lib/action_dispatch/routing/route_set.rb:29:in `serve'
actionpack (5.1.5) lib/action_dispatch/journey/router.rb:50:in `block in serve'
actionpack (5.1.5) lib/action_dispatch/journey/router.rb:33:in `each'
actionpack (5.1.5) lib/action_dispatch/journey/router.rb:33:in `serve'
actionpack (5.1.5) lib/action_dispatch/routing/route_set.rb:844:in `call'
versionist (1.7.0) lib/versionist/middleware.rb:39:in `_call'
versionist (1.7.0) lib/versionist/middleware.rb:17:in `call'
rack (2.0.4) lib/rack/etag.rb:25:in `call'
rack (2.0.4) lib/rack/conditional_get.rb:25:in `call'
rack (2.0.4) lib/rack/head.rb:12:in `call'
activerecord (5.1.5) lib/active_record/migration.rb:556:in `call'
actionpack (5.1.5) lib/action_dispatch/middleware/callbacks.rb:26:in `block in call'
activesupport (5.1.5) lib/active_support/callbacks.rb:97:in `run_callbacks'
actionpack (5.1.5) lib/action_dispatch/middleware/callbacks.rb:24:in `call'
actionpack (5.1.5) lib/action_dispatch/middleware/executor.rb:12:in `call'
actionpack (5.1.5) lib/action_dispatch/middleware/debug_exceptions.rb:59:in `call'
actionpack (5.1.5) lib/action_dispatch/middleware/show_exceptions.rb:31:in `call'
railties (5.1.5) lib/rails/rack/logger.rb:36:in `call_app'
railties (5.1.5) lib/rails/rack/logger.rb:24:in `block in call'
activesupport (5.1.5) lib/active_support/tagged_logging.rb:69:in `block in tagged'
activesupport (5.1.5) lib/active_support/tagged_logging.rb:26:in `tagged'
activesupport (5.1.5) lib/active_support/tagged_logging.rb:69:in `tagged'
railties (5.1.5) lib/rails/rack/logger.rb:24:in `call'
actionpack (5.1.5) lib/action_dispatch/middleware/remote_ip.rb:79:in `call'
actionpack (5.1.5) lib/action_dispatch/middleware/request_id.rb:25:in `call'
rack (2.0.4) lib/rack/runtime.rb:22:in `call'
activesupport (5.1.5) lib/active_support/cache/strategy/local_cache_middleware.rb:27:in `call'
actionpack (5.1.5) lib/action_dispatch/middleware/executor.rb:12:in `call'
actionpack (5.1.5) lib/action_dispatch/middleware/static.rb:125:in `call'
rack (2.0.4) lib/rack/sendfile.rb:111:in `call'
railties (5.1.5) lib/rails/engine.rb:522:in `call'
puma (3.11.3) lib/puma/configuration.rb:225:in `call'
puma (3.11.3) lib/puma/server.rb:624:in `handle_request'
puma (3.11.3) lib/puma/server.rb:438:in `process_client'
puma (3.11.3) lib/puma/server.rb:302:in `block in run'
puma (3.11.3) lib/puma/thread_pool.rb:120:in `block in spawn_thread'
Started GET "/v1/books" for 127.0.0.1 at 2018-03-08 15:26:13 +0900
  
ActionController::RoutingError (uninitialized constant V1::BooksController):
  
activesupport (5.1.5) lib/active_support/inflector/methods.rb:271:in `const_get'
activesupport (5.1.5) lib/active_support/inflector/methods.rb:271:in `block in constantize'
activesupport (5.1.5) lib/active_support/inflector/methods.rb:267:in `each'
activesupport (5.1.5) lib/active_support/inflector/methods.rb:267:in `inject'
activesupport (5.1.5) lib/active_support/inflector/methods.rb:267:in `constantize'
actionpack (5.1.5) lib/action_dispatch/http/request.rb:85:in `controller_class_for'
actionpack (5.1.5) lib/action_dispatch/http/request.rb:78:in `controller_class'
actionpack (5.1.5) lib/action_dispatch/routing/route_set.rb:43:in `controller'
actionpack (5.1.5) lib/action_dispatch/routing/route_set.rb:29:in `serve'
actionpack (5.1.5) lib/action_dispatch/journey/router.rb:50:in `block in serve'
actionpack (5.1.5) lib/action_dispatch/journey/router.rb:33:in `each'
actionpack (5.1.5) lib/action_dispatch/journey/router.rb:33:in `serve'
actionpack (5.1.5) lib/action_dispatch/routing/route_set.rb:844:in `call'
versionist (1.7.0) lib/versionist/middleware.rb:39:in `_call'
versionist (1.7.0) lib/versionist/middleware.rb:17:in `call'
rack (2.0.4) lib/rack/etag.rb:25:in `call'
rack (2.0.4) lib/rack/conditional_get.rb:25:in `call'
rack (2.0.4) lib/rack/head.rb:12:in `call'
activerecord (5.1.5) lib/active_record/migration.rb:556:in `call'
actionpack (5.1.5) lib/action_dispatch/middleware/callbacks.rb:26:in `block in call'
activesupport (5.1.5) lib/active_support/callbacks.rb:97:in `run_callbacks'
actionpack (5.1.5) lib/action_dispatch/middleware/callbacks.rb:24:in `call'
actionpack (5.1.5) lib/action_dispatch/middleware/executor.rb:12:in `call'
actionpack (5.1.5) lib/action_dispatch/middleware/debug_exceptions.rb:59:in `call'
actionpack (5.1.5) lib/action_dispatch/middleware/show_exceptions.rb:31:in `call'
railties (5.1.5) lib/rails/rack/logger.rb:36:in `call_app'
railties (5.1.5) lib/rails/rack/logger.rb:24:in `block in call'
activesupport (5.1.5) lib/active_support/tagged_logging.rb:69:in `block in tagged'
activesupport (5.1.5) lib/active_support/tagged_logging.rb:26:in `tagged'
activesupport (5.1.5) lib/active_support/tagged_logging.rb:69:in `tagged'
railties (5.1.5) lib/rails/rack/logger.rb:24:in `call'
actionpack (5.1.5) lib/action_dispatch/middleware/remote_ip.rb:79:in `call'
actionpack (5.1.5) lib/action_dispatch/middleware/request_id.rb:25:in `call'
rack (2.0.4) lib/rack/runtime.rb:22:in `call'
activesupport (5.1.5) lib/active_support/cache/strategy/local_cache_middleware.rb:27:in `call'
actionpack (5.1.5) lib/action_dispatch/middleware/executor.rb:12:in `call'
actionpack (5.1.5) lib/action_dispatch/middleware/static.rb:125:in `call'
rack (2.0.4) lib/rack/sendfile.rb:111:in `call'
railties (5.1.5) lib/rails/engine.rb:522:in `call'
puma (3.11.3) lib/puma/configuration.rb:225:in `call'
puma (3.11.3) lib/puma/server.rb:624:in `handle_request'
puma (3.11.3) lib/puma/server.rb:438:in `process_client'
puma (3.11.3) lib/puma/server.rb:302:in `block in run'
puma (3.11.3) lib/puma/thread_pool.rb:120:in `block in spawn_thread'
Started GET "/v1/books" for 127.0.0.1 at 2018-03-08 15:28:10 +0900
  
ActionController::RoutingError (undefined local variable or method `v1' for main:Object):
  
app/controllers/v1/books_controller.rb:1:in `<top (required)>'
Started GET "/v1/books" for 127.0.0.1 at 2018-03-08 15:28:36 +0900
Processing by V1::BooksController#index as */*
  [1m[36mBook Load (0.3ms)[0m  [1m[34mSELECT  `books`.* FROM `books` LIMIT 11[0m
  [1m[36mCACHE Book Load (0.0ms)[0m  [1m[34mSELECT  `books`.* FROM `books` LIMIT 11[0m  [["LIMIT", 11]]
Completed 500 Internal Server Error in 76ms (ActiveRecord: 0.0ms)


  
  [1m[36mCACHE Book Load (0.0ms)[0m  [1m[34mSELECT  `books`.* FROM `books` LIMIT 11[0m  [["LIMIT", 11]]
NameError (undefined local variable or method `books' for #<V1::BooksController:0x007f8d9b495fe0>
Did you mean?  @books):
  
app/controllers/v1/books_controller.rb:4:in `index'
  [1m[36mCACHE Book Load (0.0ms)[0m  [1m[34mSELECT  `books`.* FROM `books` LIMIT 11[0m  [["LIMIT", 11]]
Started GET "/v1/books" for 127.0.0.1 at 2018-03-08 15:28:46 +0900
Processing by V1::BooksController#index as */*
  [1m[36mBook Load (0.2ms)[0m  [1m[34mSELECT `books`.* FROM `books`[0m
Completed 200 OK in 6ms (Views: 1.7ms | ActiveRecord: 0.6ms)


  [1m[35m (0.3ms)[0m  [1m[35mSET NAMES utf8,  @@SESSION.sql_mode = CONCAT(CONCAT(@@sql_mode, ',STRICT_ALL_TABLES'), ',NO_AUTO_VALUE_ON_ZERO'),  @@SESSION.sql_auto_is_null = 0, @@SESSION.wait_timeout = 2147483[0m
  [1m[35m (0.1ms)[0m  [1m[34mSELECT GET_LOCK('5288427128707212630', 0)[0m
  [1m[35m (0.2ms)[0m  [1m[34mSELECT `schema_migrations`.`version` FROM `schema_migrations` ORDER BY `schema_migrations`.`version` ASC[0m
  [1m[36mActiveRecord::InternalMetadata Load (0.2ms)[0m  [1m[34mSELECT  `ar_internal_metadata`.* FROM `ar_internal_metadata` WHERE `ar_internal_metadata`.`key` = 'environment' LIMIT 1[0m
  [1m[35m (0.2ms)[0m  [1m[35mBEGIN[0m
  [1m[35m (0.1ms)[0m  [1m[35mCOMMIT[0m
  [1m[35m (0.2ms)[0m  [1m[34mSELECT RELEASE_LOCK('5288427128707212630')[0m
  [1m[35m (0.2ms)[0m  [1m[34mSELECT `schema_migrations`.`version` FROM `schema_migrations` ORDER BY `schema_migrations`.`version` ASC[0m
  [1m[35m (2.0ms)[0m  [1m[35mSET NAMES utf8,  @@SESSION.sql_mode = CONCAT(CONCAT(@@sql_mode, ',STRICT_ALL_TABLES'), ',NO_AUTO_VALUE_ON_ZERO'),  @@SESSION.sql_auto_is_null = 0, @@SESSION.wait_timeout = 2147483[0m
  [1m[35m (0.3ms)[0m  [1m[34mSELECT `schema_migrations`.`version` FROM `schema_migrations` ORDER BY `schema_migrations`.`version` ASC[0m
  [1m[35m (0.4ms)[0m  [1m[34mSELECT `ar_internal_metadata`.`value` FROM `ar_internal_metadata` WHERE `ar_internal_metadata`.`key` = 'environment'[0m
  [1m[35m (0.2ms)[0m  [1m[34mSELECT `schema_migrations`.`version` FROM `schema_migrations` ORDER BY `schema_migrations`.`version` ASC[0m
  [1m[35m (0.2ms)[0m  [1m[34mSELECT `ar_internal_metadata`.`value` FROM `ar_internal_metadata` WHERE `ar_internal_metadata`.`key` = 'environment'[0m
  [1m[35m (0.2ms)[0m  [1m[34mSELECT `schema_migrations`.`version` FROM `schema_migrations` ORDER BY `schema_migrations`.`version` ASC[0m
  [1m[35m (0.2ms)[0m  [1m[34mSELECT `ar_internal_metadata`.`value` FROM `ar_internal_metadata` WHERE `ar_internal_metadata`.`key` = 'environment'[0m
  [1m[35m (0.2ms)[0m  [1m[35mSET NAMES utf8,  @@SESSION.sql_mode = CONCAT(CONCAT(@@sql_mode, ',STRICT_ALL_TABLES'), ',NO_AUTO_VALUE_ON_ZERO'),  @@SESSION.sql_auto_is_null = 0, @@SESSION.wait_timeout = 2147483[0m
  [1m[35m (14.2ms)[0m  [1m[35mDROP DATABASE IF EXISTS `library_development`[0m
  [1m[35m (0.2ms)[0m  [1m[35mSET NAMES utf8,  @@SESSION.sql_mode = CONCAT(CONCAT(@@sql_mode, ',STRICT_ALL_TABLES'), ',NO_AUTO_VALUE_ON_ZERO'),  @@SESSION.sql_auto_is_null = 0, @@SESSION.wait_timeout = 2147483[0m
  [1m[35m (0.9ms)[0m  [1m[35mDROP DATABASE IF EXISTS `library_test`[0m
  [1m[35m (0.3ms)[0m  [1m[35mSET NAMES utf8,  @@SESSION.sql_mode = CONCAT(CONCAT(@@sql_mode, ',STRICT_ALL_TABLES'), ',NO_AUTO_VALUE_ON_ZERO'),  @@SESSION.sql_auto_is_null = 0, @@SESSION.wait_timeout = 2147483[0m
  [1m[35m (21.3ms)[0m  [1m[35mCREATE TABLE `schema_migrations` (`version` varchar(255) NOT NULL PRIMARY KEY) ENGINE=InnoDB[0m
  [1m[35m (13.3ms)[0m  [1m[35mCREATE TABLE `ar_internal_metadata` (`key` varchar(255) NOT NULL PRIMARY KEY, `value` varchar(255), `created_at` datetime NOT NULL, `updated_at` datetime NOT NULL) ENGINE=InnoDB[0m
  [1m[35m (0.1ms)[0m  [1m[34mSELECT GET_LOCK('5288427128707212630', 0)[0m
  [1m[35m (0.2ms)[0m  [1m[34mSELECT `schema_migrations`.`version` FROM `schema_migrations` ORDER BY `schema_migrations`.`version` ASC[0m
Migrating to CreateBooks (20180308055635)
  [1m[35m (18.6ms)[0m  [1m[35mCREATE TABLE `books` (`id` bigint NOT NULL AUTO_INCREMENT PRIMARY KEY, `title` varchar(255), `author` varchar(255), `weight` varchar(255), `publisher` varchar(255), `language` varchar(255), `pages` int, `publication_date` datetime, `created_at` datetime NOT NULL, `updated_at` datetime NOT NULL) ENGINE=InnoDB[0m
  [1m[35m (0.2ms)[0m  [1m[35mBEGIN[0m
  [1m[35mSQL (0.3ms)[0m  [1m[32mINSERT INTO `schema_migrations` (`version`) VALUES ('20180308055635')[0m
  [1m[35m (0.3ms)[0m  [1m[35mCOMMIT[0m
  [1m[36mActiveRecord::InternalMetadata Load (0.3ms)[0m  [1m[34mSELECT  `ar_internal_metadata`.* FROM `ar_internal_metadata` WHERE `ar_internal_metadata`.`key` = 'environment' LIMIT 1[0m
  [1m[35m (0.1ms)[0m  [1m[35mBEGIN[0m
  [1m[35mSQL (0.2ms)[0m  [1m[32mINSERT INTO `ar_internal_metadata` (`key`, `value`, `created_at`, `updated_at`) VALUES ('environment', 'development', '2018-03-08 06:29:51', '2018-03-08 06:29:51')[0m
  [1m[35m (0.4ms)[0m  [1m[35mCOMMIT[0m
  [1m[35m (0.1ms)[0m  [1m[34mSELECT RELEASE_LOCK('5288427128707212630')[0m
  [1m[35m (0.4ms)[0m  [1m[34mSELECT `schema_migrations`.`version` FROM `schema_migrations` ORDER BY `schema_migrations`.`version` ASC[0m
Started GET "/v1/books" for 127.0.0.1 at 2018-03-08 15:29:55 +0900
  [1m[35m (0.3ms)[0m  [1m[35mSET NAMES utf8,  @@SESSION.sql_mode = CONCAT(CONCAT(@@sql_mode, ',STRICT_ALL_TABLES'), ',NO_AUTO_VALUE_ON_ZERO'),  @@SESSION.sql_auto_is_null = 0, @@SESSION.wait_timeout = 2147483[0m
  [1m[35m (0.3ms)[0m  [1m[34mSELECT `schema_migrations`.`version` FROM `schema_migrations` ORDER BY `schema_migrations`.`version` ASC[0m
Processing by V1::BooksController#index as */*
  [1m[36mBook Load (0.3ms)[0m  [1m[34mSELECT `books`.* FROM `books`[0m
Completed 200 OK in 6ms (Views: 1.8ms | ActiveRecord: 0.8ms)


  [1m[35m (0.4ms)[0m  [1m[35mSET NAMES utf8,  @@SESSION.sql_mode = CONCAT(CONCAT(@@sql_mode, ',STRICT_ALL_TABLES'), ',NO_AUTO_VALUE_ON_ZERO'),  @@SESSION.sql_auto_is_null = 0, @@SESSION.wait_timeout = 2147483[0m
  [1m[35m (0.2ms)[0m  [1m[35mBEGIN[0m
  [1m[35mSQL (0.4ms)[0m  [1m[32mINSERT INTO `books` (`title`, `author`, `weight`, `publisher`, `language`, `pages`, `publication_date`, `created_at`, `updated_at`) VALUES ('Atlas Shrugged', 'Ayn Rand', '3.4 pounds', 'Dutton', 'English', 1168, '2005-04-21 00:00:00', '2018-03-08 06:30:14', '2018-03-08 06:30:14')[0m
  [1m[35m (0.4ms)[0m  [1m[35mCOMMIT[0m
Started GET "/v1/books" for 127.0.0.1 at 2018-03-08 15:30:31 +0900
Processing by V1::BooksController#index as */*
  [1m[35m (0.2ms)[0m  [1m[35mSET NAMES utf8,  @@SESSION.sql_mode = CONCAT(CONCAT(@@sql_mode, ',STRICT_ALL_TABLES'), ',NO_AUTO_VALUE_ON_ZERO'),  @@SESSION.sql_auto_is_null = 0, @@SESSION.wait_timeout = 2147483[0m
  [1m[36mBook Load (0.3ms)[0m  [1m[34mSELECT `books`.* FROM `books`[0m
Completed 200 OK in 11ms (Views: 9.8ms | ActiveRecord: 1.2ms)


Started GET "/v1/books" for 127.0.0.1 at 2018-03-08 15:32:04 +0900
Processing by V1::BooksController#index as */*
  [1m[36mBook Load (0.3ms)[0m  [1m[34mSELECT `books`.* FROM `books` WHERE `books`.`title` = 'Atlas'[0m
Completed 200 OK in 3ms (Views: 0.7ms | ActiveRecord: 0.3ms)


Started GET "/v1/books" for 127.0.0.1 at 2018-03-08 15:32:38 +0900
Processing by V1::BooksController#index as */*
  [1m[36mBook Load (0.6ms)[0m  [1m[34mSELECT `books`.* FROM `books`[0m
Completed 200 OK in 12ms (Views: 9.2ms | ActiveRecord: 1.3ms)


Started GET "/v1/books" for 127.0.0.1 at 2018-03-08 15:32:51 +0900
Processing by V1::BooksController#index as */*
  [1m[36mBook Load (0.2ms)[0m  [1m[34mSELECT `books`.* FROM `books` WHERE `books`.`title` = 'Atlas Shrugged'[0m
Completed 200 OK in 9ms (Views: 6.9ms | ActiveRecord: 0.2ms)


Started GET "/v1/books" for 127.0.0.1 at 2018-03-08 15:36:22 +0900
Processing by V1::BooksController#index as */*
  [1m[36mBook Load (1.7ms)[0m  [1m[34mSELECT `books`.* FROM `books` WHERE (title LIKE '%\'Atlas\'%' OR author LIKE '%\'Ayn\'%')[0m
Completed 200 OK in 5ms (Views: 1.1ms | ActiveRecord: 1.7ms)


Started GET "/v1/books" for 127.0.0.1 at 2018-03-08 15:36:32 +0900
Processing by V1::BooksController#index as */*
  [1m[36mBook Load (0.3ms)[0m  [1m[34mSELECT `books`.* FROM `books` WHERE (title LIKE '%\'Atlas\'%')[0m
Completed 200 OK in 4ms (Views: 1.0ms | ActiveRecord: 0.3ms)


Started GET "/v1/books" for 127.0.0.1 at 2018-03-08 15:36:57 +0900
Processing by V1::BooksController#index as */*
  [1m[36mBook Load (0.3ms)[0m  [1m[34mSELECT `books`.* FROM `books` WHERE (title LIKE %'Atlas'%)[0m
Completed 500 Internal Server Error in 3ms (ActiveRecord: 0.3ms)


  
ActiveRecord::StatementInvalid (Mysql2::Error: You have an error in your SQL syntax; check the manual that corresponds to your MySQL server version for the right syntax to use near '%'Atlas'%)' at line 1: SELECT `books`.* FROM `books` WHERE (title LIKE %'Atlas'%)):
  
app/controllers/v1/books_controller.rb:4:in `index'
Started GET "/v1/books" for 127.0.0.1 at 2018-03-08 15:37:36 +0900
Processing by V1::BooksController#index as */*
  [1m[36mBook Load (0.2ms)[0m  [1m[34mSELECT `books`.* FROM `books` WHERE (title LIKE '%Atlas')[0m
Completed 200 OK in 3ms (Views: 0.8ms | ActiveRecord: 0.2ms)


Started GET "/v1/books" for 127.0.0.1 at 2018-03-08 15:38:03 +0900
Processing by V1::BooksController#index as */*
  [1m[36mBook Load (0.3ms)[0m  [1m[34mSELECT  `books`.* FROM `books` WHERE (title LIKE '%Atlas') LIMIT 11[0m
  [1m[36mBook Load (0.5ms)[0m  [1m[34mSELECT  `books`.* FROM `books` WHERE (title LIKE 'Atlas') LIMIT 11[0m
  [1m[36mBook Load (0.5ms)[0m  [1m[34mSELECT  `books`.* FROM `books` WHERE (title LIKE %'Atlas') LIMIT 11[0m
  [1m[36mBook Load (0.6ms)[0m  [1m[34mSELECT  `books`.* FROM `books` WHERE (title LIKE %) LIMIT 11[0m
  [1m[36mCACHE Book Load (0.0ms)[0m  [1m[34mSELECT  `books`.* FROM `books` WHERE (title LIKE 'Atlas') LIMIT 11[0m  [["LIMIT", 11]]
  [1m[36mBook Load (0.8ms)[0m  [1m[34mSELECT  `books`.* FROM `books` WHERE (title LIKE %'Atlas'%) LIMIT 11[0m
  [1m[36mBook Load (0.6ms)[0m  [1m[34mSELECT  `books`.* FROM `books` WHERE (title like %'Atlas'%) LIMIT 11[0m
  [1m[36mBook Load (0.5ms)[0m  [1m[34mSELECT  `books`.* FROM `books` WHERE (title like '%'Atlas'%') LIMIT 11[0m
  [1m[36mBook Load (0.5ms)[0m  [1m[34mSELECT  `books`.* FROM `books` WHERE (title like '%''Atlas') LIMIT 11[0m
  [1m[36mBook Load (0.5ms)[0m  [1m[34mSELECT  `books`.* FROM `books` WHERE (title like '%'Atlas'') LIMIT 11[0m
  [1m[36mBook Load (0.5ms)[0m  [1m[34mSELECT  `books`.* FROM `books` WHERE (title like '%'Atlas'%') LIMIT 11[0m
  [1m[36mBook Load (0.3ms)[0m  [1m[34mSELECT  `books`.* FROM `books` WHERE (title like '%'Atlas'%') LIMIT 11[0m
  [1m[36mBook Load (0.3ms)[0m  [1m[34mSELECT  `books`.* FROM `books` LIMIT 11[0m
  [1m[36mBook Load (0.4ms)[0m  [1m[34mSELECT  `books`.* FROM `books` WHERE (title like '%'%Atlas%'%') LIMIT 11[0m
  [1m[36mBook Load (0.5ms)[0m  [1m[34mSELECT  `books`.* FROM `books` WHERE (title like '%Atlas%') LIMIT 11[0m
  [1m[36mCACHE Book Load (0.0ms)[0m  [1m[34mSELECT  `books`.* FROM `books` WHERE (title like '%Atlas%') LIMIT 11[0m  [["LIMIT", 11]]
  [1m[36mBook Load (1.3ms)[0m  [1m[34mSELECT `books`.* FROM `books` WHERE (title LIKE '%Atlas')[0m
Completed 200 OK in 360338ms (Views: 5.0ms | ActiveRecord: 8.1ms)


Started GET "/v1/books" for 127.0.0.1 at 2018-03-08 15:44:08 +0900
Processing by V1::BooksController#index as */*
  [1m[36mBook Load (0.4ms)[0m  [1m[34mSELECT `books`.* FROM `books` WHERE (title LIKE '%Atlas%')[0m
Completed 200 OK in 13ms (Views: 10.4ms | ActiveRecord: 0.4ms)


Started GET "/v1/books" for 127.0.0.1 at 2018-03-08 15:49:01 +0900
Processing by V1::BooksController#index as */*
  [1m[36mBook Load (0.3ms)[0m  [1m[34mSELECT `books`.* FROM `books` WHERE (title LIKE '%Atlas%')[0m
Completed 200 OK in 12ms (Views: 9.7ms | ActiveRecord: 0.3ms)


Started GET "/v1/books" for 127.0.0.1 at 2018-03-08 15:49:50 +0900
Processing by V1::BooksController#index as */*
  [1m[36mBook Load (0.3ms)[0m  [1m[34mSELECT `books`.* FROM `books` WHERE (title LIKE '%Atlas%')[0m
Completed 200 OK in 10ms (Views: 7.2ms | ActiveRecord: 0.3ms)


Started GET "/v1/books" for 127.0.0.1 at 2018-03-08 15:50:08 +0900
Processing by V1::BooksController#index as */*
  [1m[36mBook Load (0.3ms)[0m  [1m[34mSELECT `books`.* FROM `books` WHERE (title LIKE '%Atlas%')[0m
Completed 200 OK in 12ms (Views: 8.8ms | ActiveRecord: 0.3ms)


Started GET "/v1/books" for 127.0.0.1 at 2018-03-08 16:07:02 +0900
  [1m[35m (0.6ms)[0m  [1m[35mSET NAMES utf8,  @@SESSION.sql_mode = CONCAT(CONCAT(@@sql_mode, ',STRICT_ALL_TABLES'), ',NO_AUTO_VALUE_ON_ZERO'),  @@SESSION.sql_auto_is_null = 0, @@SESSION.wait_timeout = 2147483[0m
  [1m[35m (0.5ms)[0m  [1m[34mSELECT `schema_migrations`.`version` FROM `schema_migrations` ORDER BY `schema_migrations`.`version` ASC[0m
  
SyntaxError (/Users/bang.tran/Rails_projects/API_Project/library/app/controllers/v1/books_controller.rb:11: syntax error, unexpected tIDENTIFIER, expecting keyword_end
	@def create
	           ^
/Users/bang.tran/Rails_projects/API_Project/library/app/controllers/v1/books_controller.rb:14: syntax error, unexpected keyword_end, expecting end-of-input):
  
app/controllers/v1/books_controller.rb:11: syntax error, unexpected tIDENTIFIER, expecting keyword_end
app/controllers/v1/books_controller.rb:14: syntax error, unexpected keyword_end, expecting end-of-input
Started GET "/v1/books" for 127.0.0.1 at 2018-03-08 16:07:40 +0900
  [1m[35m (0.4ms)[0m  [1m[35mSET NAMES utf8,  @@SESSION.sql_mode = CONCAT(CONCAT(@@sql_mode, ',STRICT_ALL_TABLES'), ',NO_AUTO_VALUE_ON_ZERO'),  @@SESSION.sql_auto_is_null = 0, @@SESSION.wait_timeout = 2147483[0m
Processing by V1::BooksController#index as */*
  [1m[36mBook Load (0.5ms)[0m  [1m[34mSELECT `books`.* FROM `books` WHERE (title LIKE '%Atlas%')[0m
No serializer found for resource: #<Book id: 1, title: "Atlas Shrugged", author: "Ayn Rand", weight: "3.4 pounds", publisher: "Dutton", language: "English", pages: 1168, publication_date: "2005-04-21 00:00:00", created_at: "2018-03-08 06:30:14", updated_at: "2018-03-08 06:30:14">
[active_model_serializers] Rendered ActiveModel::Serializer::CollectionSerializer with Book::ActiveRecord_Relation (0.64ms)
Completed 200 OK in 40ms (Views: 32.5ms | ActiveRecord: 2.8ms)


Started GET "/v1/books" for 127.0.0.1 at 2018-03-08 16:08:08 +0900
Processing by V1::BooksController#index as */*
  [1m[36mBook Load (0.4ms)[0m  [1m[34mSELECT `books`.* FROM `books`[0m
No serializer found for resource: #<Book id: 1, title: "Atlas Shrugged", author: "Ayn Rand", weight: "3.4 pounds", publisher: "Dutton", language: "English", pages: 1168, publication_date: "2005-04-21 00:00:00", created_at: "2018-03-08 06:30:14", updated_at: "2018-03-08 06:30:14">
[active_model_serializers] Rendered ActiveModel::Serializer::CollectionSerializer with Book::ActiveRecord_Relation (0.41ms)
Completed 200 OK in 30ms (Views: 25.8ms | ActiveRecord: 0.4ms)


Started GET "/v1/books" for 127.0.0.1 at 2018-03-08 16:09:09 +0900
  [1m[35m (0.5ms)[0m  [1m[35mSET NAMES utf8,  @@SESSION.sql_mode = CONCAT(CONCAT(@@sql_mode, ',STRICT_ALL_TABLES'), ',NO_AUTO_VALUE_ON_ZERO'),  @@SESSION.sql_auto_is_null = 0, @@SESSION.wait_timeout = 2147483[0m
  [1m[35m (0.4ms)[0m  [1m[34mSELECT `schema_migrations`.`version` FROM `schema_migrations` ORDER BY `schema_migrations`.`version` ASC[0m
Processing by V1::BooksController#index as */*
  [1m[36mBook Load (0.4ms)[0m  [1m[34mSELECT `books`.* FROM `books`[0m
[active_model_serializers] Rendered ActiveModel::Serializer::CollectionSerializer with ActiveModelSerializers::Adapter::Attributes (0.56ms)
Completed 200 OK in 121ms (Views: 112.7ms | ActiveRecord: 2.4ms)


Started GET "/v1/books" for 127.0.0.1 at 2018-03-08 16:09:49 +0900
  [1m[35m (0.3ms)[0m  [1m[35mSET NAMES utf8,  @@SESSION.sql_mode = CONCAT(CONCAT(@@sql_mode, ',STRICT_ALL_TABLES'), ',NO_AUTO_VALUE_ON_ZERO'),  @@SESSION.sql_auto_is_null = 0, @@SESSION.wait_timeout = 2147483[0m
Processing by V1::BooksController#index as */*
  [1m[36mBook Load (0.4ms)[0m  [1m[34mSELECT `books`.* FROM `books`[0m
[active_model_serializers] Rendered ActiveModel::Serializer::CollectionSerializer with ActiveModelSerializers::Adapter::Attributes (0.57ms)
Completed 200 OK in 23ms (Views: 17.9ms | ActiveRecord: 0.4ms)


Started GET "/v1/books" for 127.0.0.1 at 2018-03-08 16:15:33 +0900
Processing by V1::BooksController#index as */*
  [1m[36mBook Load (0.5ms)[0m  [1m[34mSELECT `books`.* FROM `books`[0m
[active_model_serializers] Rendered ActiveModel::Serializer::CollectionSerializer with ActiveModelSerializers::Adapter::Attributes (0.97ms)
Completed 200 OK in 33ms (Views: 28.2ms | ActiveRecord: 0.5ms)


Started GET "/v1/books" for 127.0.0.1 at 2018-03-08 16:15:51 +0900
Processing by V1::BooksController#index as */*
  [1m[36mBook Load (0.5ms)[0m  [1m[34mSELECT `books`.* FROM `books`[0m
[active_model_serializers] Rendered ActiveModel::Serializer::CollectionSerializer with ActiveModelSerializers::Adapter::Attributes (0.52ms)
Completed 200 OK in 30ms (Views: 25.8ms | ActiveRecord: 0.5ms)


Started GET "/v1/books" for 127.0.0.1 at 2018-03-08 16:16:40 +0900
Processing by V1::BooksController#index as */*
  [1m[36mBook Load (0.2ms)[0m  [1m[34mSELECT `books`.* FROM `books`[0m
[active_model_serializers] Rendered ActiveModel::Serializer::CollectionSerializer with ActiveModelSerializers::Adapter::Attributes (0.33ms)
Completed 200 OK in 13ms (Views: 9.9ms | ActiveRecord: 0.2ms)


Started GET "/v1/books" for 127.0.0.1 at 2018-03-08 16:25:25 +0900
Processing by V1::BooksController#index as */*
  [1m[36mBook Load (0.2ms)[0m  [1m[34mSELECT `books`.* FROM `books`[0m
[active_model_serializers] Rendered ActiveModel::Serializer::CollectionSerializer with ActiveModelSerializers::Adapter::Attributes (0.33ms)
Completed 200 OK in 12ms (Views: 9.5ms | ActiveRecord: 0.2ms)


Started GET "/v1/books" for 127.0.0.1 at 2018-03-08 16:25:35 +0900
  [1m[35m (0.4ms)[0m  [1m[35mSET NAMES utf8,  @@SESSION.sql_mode = CONCAT(CONCAT(@@sql_mode, ',STRICT_ALL_TABLES'), ',NO_AUTO_VALUE_ON_ZERO'),  @@SESSION.sql_auto_is_null = 0, @@SESSION.wait_timeout = 2147483[0m
  [1m[35m (0.3ms)[0m  [1m[34mSELECT `schema_migrations`.`version` FROM `schema_migrations` ORDER BY `schema_migrations`.`version` ASC[0m
Processing by V1::BooksController#index as */*
  [1m[36mBook Load (0.5ms)[0m  [1m[34mSELECT `books`.* FROM `books`[0m
[active_model_serializers] Rendered ActiveModel::Serializer::CollectionSerializer with ActiveModelSerializers::Adapter::JsonApi (6.71ms)
Completed 200 OK in 42ms (Views: 34.5ms | ActiveRecord: 2.0ms)


Started POST "/v1/books" for 127.0.0.1 at 2018-03-08 16:30:38 +0900
  [1m[35m (0.3ms)[0m  [1m[35mSET NAMES utf8,  @@SESSION.sql_mode = CONCAT(CONCAT(@@sql_mode, ',STRICT_ALL_TABLES'), ',NO_AUTO_VALUE_ON_ZERO'),  @@SESSION.sql_auto_is_null = 0, @@SESSION.wait_timeout = 2147483[0m
Processing by V1::BooksController#create as */*
  Parameters: {"title"=>"Create API with Versionist and Rails", "author"=>"Bang Tran"}
[active_model_serializers] Rendered V1::BookSerializer with ActiveModelSerializers::Adapter::JsonApi (1.27ms)
Completed 500 Internal Server Error in 13ms (ActiveRecord: 0.0ms)


  
NoMethodError (undefined method `strftime' for nil:NilClass):
  
app/serializers/v1/book_serializer.rb:5:in `publication_date'
app/controllers/v1/books_controller.rb:12:in `create'
Started POST "/v1/books" for 127.0.0.1 at 2018-03-08 16:32:12 +0900
Processing by V1::BooksController#create as */*
  Parameters: {"title"=>"Create API with Versionist and Rails", "author"=>"Bang Tran", "weight"=>"100", "pulisher"=>"Bang Tran", "language"=>"VietNameses", "pages"=>"200", "publiction_date"=>"2018-03-08"}
Completed 500 Internal Server Error in 10ms (ActiveRecord: 0.0ms)


  
ActiveModel::UnknownAttributeError (unknown attribute 'pulisher' for Book.):
  
app/controllers/v1/books_controller.rb:9:in `create'
Started POST "/v1/books" for 127.0.0.1 at 2018-03-08 16:32:35 +0900
Processing by V1::BooksController#create as */*
  Parameters: {"title"=>"Create API with Versionist and Rails", "author"=>"Bang Tran", "weight"=>"100", "publisher"=>"Bang Tran", "language"=>"VietNameses", "pages"=>"200", "publiction_date"=>"2018-03-08"}
Completed 500 Internal Server Error in 10ms (ActiveRecord: 0.0ms)


  
ActiveModel::UnknownAttributeError (unknown attribute 'publiction_date' for Book.):
  
app/controllers/v1/books_controller.rb:9:in `create'
Started POST "/v1/books" for 127.0.0.1 at 2018-03-08 16:32:53 +0900
Processing by V1::BooksController#create as */*
  Parameters: {"title"=>"Create API with Versionist and Rails", "author"=>"Bang Tran", "weight"=>"100", "publisher"=>"Bang Tran", "language"=>"VietNameses", "pages"=>"200", "publication_date"=>"2018-03-08"}
[active_model_serializers] Rendered V1::BookSerializer with ActiveModelSerializers::Adapter::JsonApi (2.11ms)
Completed 201 Created in 21ms (Views: 4.8ms | ActiveRecord: 0.0ms)


Started GET "/v1/books" for 127.0.0.1 at 2018-03-08 16:33:01 +0900
Processing by V1::BooksController#index as */*
  [1m[36mBook Load (0.4ms)[0m  [1m[34mSELECT `books`.* FROM `books`[0m
[active_model_serializers] Rendered ActiveModel::Serializer::CollectionSerializer with ActiveModelSerializers::Adapter::JsonApi (0.95ms)
Completed 200 OK in 3ms (Views: 2.5ms | ActiveRecord: 0.4ms)


Started GET "/v1/books" for 127.0.0.1 at 2018-03-08 16:33:29 +0900
Processing by V1::BooksController#index as */*
  [1m[36mBook Load (0.2ms)[0m  [1m[34mSELECT `books`.* FROM `books`[0m
[active_model_serializers] Rendered ActiveModel::Serializer::CollectionSerializer with ActiveModelSerializers::Adapter::JsonApi (0.65ms)
Completed 200 OK in 13ms (Views: 9.8ms | ActiveRecord: 1.3ms)


Started GET "/v1/books" for 127.0.0.1 at 2018-03-08 16:34:04 +0900
Processing by V1::BooksController#index as */*
  [1m[36mBook Load (0.2ms)[0m  [1m[34mSELECT `books`.* FROM `books`[0m
[active_model_serializers] Rendered ActiveModel::Serializer::CollectionSerializer with ActiveModelSerializers::Adapter::JsonApi (0.77ms)
Completed 200 OK in 2ms (Views: 1.9ms | ActiveRecord: 0.2ms)


Started GET "/v1/books" for 127.0.0.1 at 2018-03-08 16:34:39 +0900
Processing by V1::BooksController#index as */*
  [1m[36mBook Load (0.2ms)[0m  [1m[34mSELECT `books`.* FROM `books`[0m
[active_model_serializers] Rendered ActiveModel::Serializer::CollectionSerializer with ActiveModelSerializers::Adapter::JsonApi (0.66ms)
Completed 200 OK in 2ms (Views: 1.5ms | ActiveRecord: 0.2ms)


Started GET "/v1/books" for 127.0.0.1 at 2018-03-08 16:34:46 +0900
Processing by V1::BooksController#index as */*
  [1m[36mBook Load (0.3ms)[0m  [1m[34mSELECT `books`.* FROM `books`[0m
[active_model_serializers] Rendered ActiveModel::Serializer::CollectionSerializer with ActiveModelSerializers::Adapter::JsonApi (0.53ms)
Completed 200 OK in 15ms (Views: 11.1ms | ActiveRecord: 0.3ms)


Started GET "/v1/books" for 127.0.0.1 at 2018-03-08 16:35:29 +0900
Processing by V1::BooksController#index as */*
  [1m[36mBook Load (0.4ms)[0m  [1m[34mSELECT  `books`.* FROM `books` LIMIT 11[0m
Started POST "/v1/books" for 127.0.0.1 at 2018-03-08 16:37:13 +0900
Completed 500 Internal Server Error in 105430ms (ActiveRecord: 0.4ms)


  
SystemExit (exit):
  
(byebug):1:in `exit'
(byebug):1:in `index'
app/controllers/v1/books_controller.rb:7:in `index'
Started POST "/v1/books" for 127.0.0.1 at 2018-03-08 16:37:16 +0900
Processing by V1::BooksController#create as */*
Processing by V1::BooksController#create as */*
  Parameters: {"title"=>"Create API with Versionist and Rails", "author"=>"Bang Tran", "weight"=>"100", "publisher"=>"Bang Tran", "language"=>"VietNameses", "pages"=>"200", "publication_date"=>"2018-03-08"}
  Parameters: {"title"=>"Create API with Versionist and Rails", "author"=>"Bang Tran", "weight"=>"100", "publisher"=>"Bang Tran", "language"=>"VietNameses", "pages"=>"200", "publication_date"=>"2018-03-08"}
  [1m[35m (9.6ms)[0m  [1m[35mBEGIN[0m
  [1m[35m (36.0ms)[0m  [1m[35mBEGIN[0m
  [1m[35mSQL (6.0ms)[0m  [1m[32mINSERT INTO `books` (`title`, `author`, `weight`, `publisher`, `language`, `pages`, `publication_date`, `created_at`, `updated_at`) VALUES ('Create API with Versionist and Rails', 'Bang Tran', '100', 'Bang Tran', 'VietNameses', 200, '2018-03-08 00:00:00', '2018-03-08 07:37:16', '2018-03-08 07:37:16')[0m
  [1m[35mSQL (1.4ms)[0m  [1m[32mINSERT INTO `books` (`title`, `author`, `weight`, `publisher`, `language`, `pages`, `publication_date`, `created_at`, `updated_at`) VALUES ('Create API with Versionist and Rails', 'Bang Tran', '100', 'Bang Tran', 'VietNameses', 200, '2018-03-08 00:00:00', '2018-03-08 07:37:17', '2018-03-08 07:37:17')[0m
  [1m[35m (15.2ms)[0m  [1m[35mCOMMIT[0m
  [1m[35m (6.6ms)[0m  [1m[35mCOMMIT[0m
[active_model_serializers] Rendered V1::BookSerializer with ActiveModelSerializers::Adapter::JsonApi (23.93ms)
[active_model_serializers] Rendered V1::BookSerializer with ActiveModelSerializers::Adapter::JsonApi (19.25ms)
Completed 201 Created in 400ms (Views: 78.2ms | ActiveRecord: 44.1ms)


Completed 201 Created in 416ms (Views: 92.8ms | ActiveRecord: 30.8ms)


Started GET "/v1/books" for 127.0.0.1 at 2018-03-08 16:37:22 +0900
Processing by V1::BooksController#index as */*
  [1m[36mBook Load (2.8ms)[0m  [1m[34mSELECT `books`.* FROM `books`[0m
[active_model_serializers] Rendered ActiveModel::Serializer::CollectionSerializer with ActiveModelSerializers::Adapter::JsonApi (87.81ms)
Completed 200 OK in 134ms (Views: 125.8ms | ActiveRecord: 2.8ms)


Started POST "/v1/books" for 127.0.0.1 at 2018-03-08 16:39:23 +0900
Processing by V1::BooksController#create as */*
  Parameters: {"title"=>"Create API with Versionist and Rails", "author"=>"Bang Tran", "weight"=>"100", "publisher"=>"Bang Tran", "language"=>"VietNameses", "pages"=>"200", "publication_date"=>"2018-03-08"}
  [1m[35m (1.1ms)[0m  [1m[35mBEGIN[0m
  [1m[35mSQL (2.6ms)[0m  [1m[32mINSERT INTO `books` (`title`, `author`, `weight`, `publisher`, `language`, `pages`, `publication_date`, `created_at`, `updated_at`) VALUES ('Create API with Versionist and Rails', 'Bang Tran', '100', 'Bang Tran', 'VietNameses', 200, '2018-03-08 00:00:00', '2018-03-08 07:39:24', '2018-03-08 07:39:24')[0m
  [1m[35m (2.5ms)[0m  [1m[35mCOMMIT[0m
[active_model_serializers] Rendered ActiveModel::Serializer::Null with Hash (10.97ms)
Completed 200 OK in 305ms (Views: 57.2ms | ActiveRecord: 6.2ms)


Started POST "/v1/books" for 127.0.0.1 at 2018-03-08 16:39:41 +0900
Processing by V1::BooksController#create as */*
  Parameters: {"title"=>"Create API with Versionist and Rails", "author"=>"Bang Tran", "weight"=>"100", "publisher"=>"Bang Tran", "language"=>"VietNameses", "pages"=>"200", "publication_date"=>"2018-03-08"}
  [1m[35m (1.3ms)[0m  [1m[35mBEGIN[0m
  [1m[35mSQL (1.5ms)[0m  [1m[32mINSERT INTO `books` (`title`, `author`, `weight`, `publisher`, `language`, `pages`, `publication_date`, `created_at`, `updated_at`) VALUES ('Create API with Versionist and Rails', 'Bang Tran', '100', 'Bang Tran', 'VietNameses', 200, '2018-03-08 00:00:00', '2018-03-08 07:39:41', '2018-03-08 07:39:41')[0m
  [1m[35m (2.6ms)[0m  [1m[35mCOMMIT[0m
[active_model_serializers] Rendered ActiveModel::Serializer::Null with Hash (11.74ms)
Completed 200 OK in 285ms (Views: 55.9ms | ActiveRecord: 5.4ms)


Started POST "/v1/books" for 127.0.0.1 at 2018-03-08 16:39:58 +0900
Processing by V1::BooksController#create as */*
  Parameters: {"title"=>"Create API with Versionist and Rails", "author"=>"Bang Tran", "weight"=>"100", "publisher"=>"Bang Tran", "language"=>"VietNameses", "pages"=>"200", "publication_date"=>"2018-03-08"}
  [1m[35m (1.3ms)[0m  [1m[35mBEGIN[0m
  [1m[35mSQL (1.2ms)[0m  [1m[32mINSERT INTO `books` (`title`, `author`, `weight`, `publisher`, `language`, `pages`, `publication_date`, `created_at`, `updated_at`) VALUES ('Create API with Versionist and Rails', 'Bang Tran', '100', 'Bang Tran', 'VietNameses', 200, '2018-03-08 00:00:00', '2018-03-08 07:39:59', '2018-03-08 07:39:59')[0m
  [1m[35m (1.2ms)[0m  [1m[35mCOMMIT[0m
[active_model_serializers] Rendered ActiveModel::Serializer::Null with Hash (9.52ms)
Completed 200 OK in 295ms (Views: 48.0ms | ActiveRecord: 3.7ms)


Started POST "/v1/books" for 127.0.0.1 at 2018-03-08 16:40:12 +0900
Processing by V1::BooksController#create as */*
  Parameters: {"title"=>"Create API with Versionist and Rails", "author"=>"Bang Tran", "weight"=>"100", "publisher"=>"Bang Tran", "language"=>"VietNameses", "pagesg"=>"200", "publication_date"=>"2018-03-08"}
Unpermitted parameter: :pagesg
  [1m[35m (1.5ms)[0m  [1m[35mBEGIN[0m
  [1m[35mSQL (1.2ms)[0m  [1m[32mINSERT INTO `books` (`title`, `author`, `weight`, `publisher`, `language`, `publication_date`, `created_at`, `updated_at`) VALUES ('Create API with Versionist and Rails', 'Bang Tran', '100', 'Bang Tran', 'VietNameses', '2018-03-08 00:00:00', '2018-03-08 07:40:12', '2018-03-08 07:40:12')[0m
  [1m[35m (2.3ms)[0m  [1m[35mCOMMIT[0m
[active_model_serializers] Rendered ActiveModel::Serializer::Null with Hash (11.97ms)
Completed 200 OK in 123ms (Views: 21.4ms | ActiveRecord: 4.9ms)


Started POST "/v1/books" for 127.0.0.1 at 2018-03-08 16:40:31 +0900
Processing by V1::BooksController#create as */*
  Parameters: {"title"=>"Create API with Versionist and Rails", "author"=>"Bang Tran", "weight"=>"100", "publisher"=>"Bang Tran", "language"=>"VietNameses", "pagesg"=>"", "publication_date"=>"2018-03-08"}
Unpermitted parameter: :pagesg
  [1m[35m (4.6ms)[0m  [1m[35mBEGIN[0m
  [1m[35mSQL (2.8ms)[0m  [1m[32mINSERT INTO `books` (`title`, `author`, `weight`, `publisher`, `language`, `publication_date`, `created_at`, `updated_at`) VALUES ('Create API with Versionist and Rails', 'Bang Tran', '100', 'Bang Tran', 'VietNameses', '2018-03-08 00:00:00', '2018-03-08 07:40:31', '2018-03-08 07:40:31')[0m
  [1m[35m (2.8ms)[0m  [1m[35mCOMMIT[0m
[active_model_serializers] Rendered ActiveModel::Serializer::Null with Hash (14.47ms)
Completed 200 OK in 181ms (Views: 25.0ms | ActiveRecord: 10.2ms)


Started POST "/v1/books" for 127.0.0.1 at 2018-03-08 16:40:35 +0900
Processing by V1::BooksController#create as */*
  Parameters: {"title"=>"Create API with Versionist and Rails", "author"=>"Bang Tran", "weight"=>"100", "publisher"=>"Bang Tran", "language"=>"VietNameses", "pages"=>"", "publication_date"=>"2018-03-08"}
  [1m[35m (2.5ms)[0m  [1m[35mBEGIN[0m
  [1m[35mSQL (1.5ms)[0m  [1m[32mINSERT INTO `books` (`title`, `author`, `weight`, `publisher`, `language`, `publication_date`, `created_at`, `updated_at`) VALUES ('Create API with Versionist and Rails', 'Bang Tran', '100', 'Bang Tran', 'VietNameses', '2018-03-08 00:00:00', '2018-03-08 07:40:35', '2018-03-08 07:40:35')[0m
  [1m[35m (3.5ms)[0m  [1m[35mCOMMIT[0m
[active_model_serializers] Rendered ActiveModel::Serializer::Null with Hash (10.54ms)
Completed 200 OK in 97ms (Views: 19.5ms | ActiveRecord: 7.6ms)


Started POST "/v1/books" for 127.0.0.1 at 2018-03-08 16:42:00 +0900
Processing by V1::BooksController#create as */*
  Parameters: {"title"=>"Create API with Versionist and Rails", "author"=>"Bang Tran", "weight"=>"100", "publisher"=>"Bang Tran", "language"=>"VietNameses", "pages"=>"", "publication_date"=>"2018-03-08"}
  [1m[35m (1.6ms)[0m  [1m[35mBEGIN[0m
  [1m[35m (1.1ms)[0m  [1m[31mROLLBACK[0m
Completed 500 Internal Server Error in 3093ms (ActiveRecord: 7.2ms)


  
NoMethodError (undefined method `publiction_date' for #<Book:0x007ff263c9b1b8>
Did you mean?  publication_date
               publication_date?
               publication_date=):
  
app/controllers/v1/books_controller.rb:11:in `create'
Started POST "/v1/books" for 127.0.0.1 at 2018-03-08 16:42:16 +0900
Processing by V1::BooksController#create as */*
  Parameters: {"title"=>"Create API with Versionist and Rails", "author"=>"Bang Tran", "weight"=>"100", "publisher"=>"Bang Tran", "language"=>"VietNameses", "pages"=>"", "publication_date"=>"2018-03-08"}
  [1m[35m (1.1ms)[0m  [1m[35mBEGIN[0m
  [1m[35m (1.3ms)[0m  [1m[31mROLLBACK[0m
Completed 500 Internal Server Error in 3166ms (ActiveRecord: 2.4ms)


  
NoMethodError (undefined method `publiction_date' for #<Book:0x007ff263cb8d30>
Did you mean?  publication_date
               publication_date?
               publication_date=):
  
app/controllers/v1/books_controller.rb:11:in `create'
Started POST "/v1/books" for 127.0.0.1 at 2018-03-08 16:42:40 +0900
Processing by V1::BooksController#create as */*
  Parameters: {"title"=>"Create API with Versionist and Rails", "author"=>"Bang Tran", "weight"=>"100", "publisher"=>"Bang Tran", "language"=>"VietNameses", "pages"=>"", "publication_date"=>"2018-03-08"}
  [1m[35m (1.0ms)[0m  [1m[35mBEGIN[0m
  [1m[35mSQL (1.2ms)[0m  [1m[32mINSERT INTO `books` (`title`, `author`, `weight`, `publisher`, `language`, `publication_date`, `created_at`, `updated_at`) VALUES ('Create API with Versionist and Rails', 'Bang Tran', '100', 'Bang Tran', 'VietNameses', '2018-03-08 00:00:00', '2018-03-08 07:42:41', '2018-03-08 07:42:41')[0m
  [1m[35m (3.6ms)[0m  [1m[35mCOMMIT[0m
[active_model_serializers] Rendered ActiveModel::Serializer::Null with Hash (11.66ms)
Completed 200 OK in 399ms (Views: 60.8ms | ActiveRecord: 12.4ms)


Started POST "/v1/books" for 127.0.0.1 at 2018-03-08 16:43:13 +0900
Processing by V1::BooksController#create as */*
  Parameters: {"title"=>"Create API with Versionist and Rails", "author"=>"Bang Tran", "weight"=>"100", "publisher"=>"Bang Tran", "language"=>"VietNameses", "pages"=>"", "publication_date"=>""}
  [1m[35m (1.1ms)[0m  [1m[35mBEGIN[0m
  [1m[35m (1.5ms)[0m  [1m[31mROLLBACK[0m
Completed 500 Internal Server Error in 986ms (ActiveRecord: 2.6ms)


  
NoMethodError (undefined method `error' for #<Book:0x007ff262cb5000>
Did you mean?  errors):
  
app/controllers/v1/books_controller.rb:14:in `create'
Started POST "/v1/books" for 127.0.0.1 at 2018-03-08 16:43:47 +0900
Processing by V1::BooksController#create as */*
  Parameters: {"title"=>"Create API with Versionist and Rails", "author"=>"Bang Tran", "weight"=>"100", "publisher"=>"Bang Tran", "language"=>"VietNameses", "pages"=>"", "publication_date"=>""}
  [1m[35m (2.4ms)[0m  [1m[35mBEGIN[0m
  [1m[35m (1.0ms)[0m  [1m[31mROLLBACK[0m
[active_model_serializers] Rendered ActiveModel::Serializer::Null with Hash (2.37ms)
Completed 422 Unprocessable Entity in 317ms (Views: 45.9ms | ActiveRecord: 10.6ms)


Started GET "/v1/books" for 127.0.0.1 at 2018-03-08 16:45:50 +0900
Processing by V1::BooksController#index as */*
  [1m[36mBook Load (2.6ms)[0m  [1m[34mSELECT `books`.* FROM `books`[0m
[active_model_serializers] Rendered ActiveModel::Serializer::CollectionSerializer with ActiveModelSerializers::Adapter::JsonApi (213.76ms)
Completed 200 OK in 277ms (Views: 269.9ms | ActiveRecord: 2.6ms)


Started GET "/v1/books/1" for 127.0.0.1 at 2018-03-08 16:48:17 +0900
Processing by V1::BooksController#show as */*
  Parameters: {"id"=>"1"}
  [1m[36mBook Load (1.5ms)[0m  [1m[34mSELECT  `books`.* FROM `books` WHERE `books`.`id` = 1 LIMIT 1[0m
[active_model_serializers] Rendered ActiveModel::Serializer::Null with Hash (12.9ms)
Completed 200 OK in 274ms (Views: 65.2ms | ActiveRecord: 7.4ms)


Started GET "/v1/books/100" for 127.0.0.1 at 2018-03-08 16:48:20 +0900
Processing by V1::BooksController#show as */*
  Parameters: {"id"=>"100"}
  [1m[36mBook Load (1.3ms)[0m  [1m[34mSELECT  `books`.* FROM `books` WHERE `books`.`id` = 100 LIMIT 1[0m
Completed 404 Not Found in 13ms (ActiveRecord: 1.3ms)


  
ActiveRecord::RecordNotFound (Couldn't find Book with 'id'=100):
  
app/controllers/v1/books_controller.rb:19:in `show'
Started GET "/v1/books/1" for 127.0.0.1 at 2018-03-08 16:48:29 +0900
Processing by V1::BooksController#show as */*
  Parameters: {"id"=>"1"}
  [1m[36mBook Load (3.4ms)[0m  [1m[34mSELECT  `books`.* FROM `books` WHERE `books`.`id` = 1 LIMIT 1[0m
[active_model_serializers] Rendered ActiveModel::Serializer::Null with Hash (11.44ms)
Completed 200 OK in 41ms (Views: 20.2ms | ActiveRecord: 3.4ms)


Started GET "/v1/books/1" for 127.0.0.1 at 2018-03-08 16:49:21 +0900
Processing by V1::BooksController#show as */*
  Parameters: {"id"=>"1"}
  [1m[36mBook Load (1.2ms)[0m  [1m[34mSELECT  `books`.* FROM `books` WHERE `books`.`id` = 1 LIMIT 1[0m
[active_model_serializers] Rendered ActiveModel::Serializer::Null with Hash (12.08ms)
Completed 200 OK in 242ms (Views: 55.0ms | ActiveRecord: 1.2ms)


Started GET "/v1/books/100" for 127.0.0.1 at 2018-03-08 16:49:26 +0900
Processing by V1::BooksController#show as */*
  Parameters: {"id"=>"100"}
  [1m[36mBook Load (2.4ms)[0m  [1m[34mSELECT  `books`.* FROM `books` WHERE `books`.`id` = 100 LIMIT 1[0m
Completed 404 Not Found in 14ms (ActiveRecord: 2.4ms)


  
ActiveRecord::RecordNotFound (Couldn't find Book with 'id'=100):
  
app/controllers/v1/books_controller.rb:19:in `show'
Started GET "/v1/books/100" for 127.0.0.1 at 2018-03-08 16:49:40 +0900
Processing by V1::BooksController#show as */*
  Parameters: {"id"=>"100"}
  [1m[36mBook Load (1.2ms)[0m  [1m[34mSELECT  `books`.* FROM `books` WHERE (100) LIMIT 1[0m
[active_model_serializers] Rendered ActiveModel::Serializer::Null with Hash (13.42ms)
Completed 200 OK in 283ms (Views: 57.3ms | ActiveRecord: 5.4ms)


Started GET "/v1/books/100" for 127.0.0.1 at 2018-03-08 16:49:52 +0900
Processing by V1::BooksController#show as */*
  Parameters: {"id"=>"100"}
  [1m[36mBook Load (3.1ms)[0m  [1m[34mSELECT  `books`.* FROM `books` WHERE `books`.`id` = 100 LIMIT 1[0m
[active_model_serializers] Rendered ActiveModel::Serializer::Null with Hash (2.09ms)
Completed 200 OK in 150ms (Views: 53.0ms | ActiveRecord: 3.1ms)


Started GET "/v1/books/100" for 127.0.0.1 at 2018-03-08 16:50:17 +0900
Processing by V1::BooksController#show as */*
  Parameters: {"id"=>"100"}
  [1m[36mBook Load (2.4ms)[0m  [1m[34mSELECT  `books`.* FROM `books` WHERE `books`.`id` = 100 LIMIT 1[0m
[active_model_serializers] Rendered ActiveModel::Serializer::Null with Hash (2.41ms)
Completed 200 OK in 127ms (Views: 45.3ms | ActiveRecord: 2.4ms)


Started GET "/v1/books/1" for 127.0.0.1 at 2018-03-08 16:50:20 +0900
Processing by V1::BooksController#show as */*
  Parameters: {"id"=>"1"}
  [1m[36mBook Load (2.4ms)[0m  [1m[34mSELECT  `books`.* FROM `books` WHERE `books`.`id` = 1 LIMIT 1[0m
[active_model_serializers] Rendered ActiveModel::Serializer::Null with Hash (14.38ms)
Completed 200 OK in 155ms (Views: 22.0ms | ActiveRecord: 6.3ms)


Started GET "/v1/books/1" for 127.0.0.1 at 2018-03-08 16:50:43 +0900
Processing by V1::BooksController#show as */*
  Parameters: {"id"=>"1"}
  [1m[36mBook Load (5.6ms)[0m  [1m[34mSELECT  `books`.* FROM `books` WHERE `books`.`id` = NULL LIMIT 1[0m
Completed 404 Not Found in 103ms (ActiveRecord: 12.3ms)


  
ActiveRecord::RecordNotFound (Couldn't find Book with 'id'={:id=>"1"}):
  
app/controllers/v1/books_controller.rb:19:in `show'
Started GET "/v1/books/1" for 127.0.0.1 at 2018-03-08 16:50:55 +0900
Processing by V1::BooksController#show as */*
  Parameters: {"id"=>"1"}
  [1m[36mBook Load (2.4ms)[0m  [1m[34mSELECT  `books`.* FROM `books` WHERE `books`.`title` = '1' LIMIT 1[0m
[active_model_serializers] Rendered ActiveModel::Serializer::Null with Hash (1.15ms)
Completed 200 OK in 128ms (Views: 46.8ms | ActiveRecord: 2.4ms)


Started GET "/v1/books/9" for 127.0.0.1 at 2018-03-08 16:50:59 +0900
Processing by V1::BooksController#show as */*
  Parameters: {"id"=>"9"}
  [1m[36mBook Load (1.3ms)[0m  [1m[34mSELECT  `books`.* FROM `books` WHERE `books`.`title` = '9' LIMIT 1[0m
[active_model_serializers] Rendered ActiveModel::Serializer::Null with Hash (1.33ms)
Completed 200 OK in 26ms (Views: 10.1ms | ActiveRecord: 1.3ms)


Started GET "/v1/books/8" for 127.0.0.1 at 2018-03-08 16:51:02 +0900
Processing by V1::BooksController#show as */*
  Parameters: {"id"=>"8"}
  [1m[36mBook Load (1.2ms)[0m  [1m[34mSELECT  `books`.* FROM `books` WHERE `books`.`title` = '8' LIMIT 1[0m
[active_model_serializers] Rendered ActiveModel::Serializer::Null with Hash (1.19ms)
Completed 200 OK in 26ms (Views: 10.1ms | ActiveRecord: 1.2ms)


Started GET "/v1/books/7" for 127.0.0.1 at 2018-03-08 16:51:03 +0900
Processing by V1::BooksController#show as */*
  Parameters: {"id"=>"7"}
  [1m[36mBook Load (1.2ms)[0m  [1m[34mSELECT  `books`.* FROM `books` WHERE `books`.`title` = '7' LIMIT 1[0m
[active_model_serializers] Rendered ActiveModel::Serializer::Null with Hash (1.16ms)
Completed 200 OK in 24ms (Views: 9.4ms | ActiveRecord: 1.2ms)


Started GET "/v1/books/5" for 127.0.0.1 at 2018-03-08 16:51:05 +0900
Processing by V1::BooksController#show as */*
  Parameters: {"id"=>"5"}
  [1m[36mBook Load (1.3ms)[0m  [1m[34mSELECT  `books`.* FROM `books` WHERE `books`.`title` = '5' LIMIT 1[0m
[active_model_serializers] Rendered ActiveModel::Serializer::Null with Hash (2.58ms)
Completed 200 OK in 30ms (Views: 13.9ms | ActiveRecord: 1.3ms)


Started GET "/v1/books/5" for 127.0.0.1 at 2018-03-08 16:51:12 +0900
Processing by V1::BooksController#show as */*
  Parameters: {"id"=>"5"}
  [1m[36mBook Load (2.3ms)[0m  [1m[34mSELECT  `books`.* FROM `books` WHERE `books`.`id` = 5 LIMIT 1[0m
[active_model_serializers] Rendered ActiveModel::Serializer::Null with Hash (13.64ms)
Completed 200 OK in 244ms (Views: 56.7ms | ActiveRecord: 2.3ms)


Started PUT "/v1/books/2" for 127.0.0.1 at 2018-03-08 16:54:20 +0900
Processing by V1::BooksController#update as */*
  Parameters: {"title"=>"Updated", "author"=>"Bang Tran New", "weight"=>"200", "publisher"=>"Bang Tran Newest", "language"=>"betonamu", "pages"=>"220", "publication_date"=>"2018-10-29", "id"=>"2"}
Completed 500 Internal Server Error in 859ms (ActiveRecord: 0.0ms)


  
NameError (undefined local variable or method `param' for #<V1::BooksController:0x007ff264093cc0>
Did you mean?  params
               params=):
  
app/controllers/v1/books_controller.rb:28:in `update'
Started PUT "/v1/books/2" for 127.0.0.1 at 2018-03-08 16:54:33 +0900
Processing by V1::BooksController#update as */*
  Parameters: {"title"=>"Updated", "author"=>"Bang Tran New", "weight"=>"200", "publisher"=>"Bang Tran Newest", "language"=>"betonamu", "pages"=>"220", "publication_date"=>"2018-10-29", "id"=>"2"}
  [1m[36mBook Load (2.5ms)[0m  [1m[34mSELECT  `books`.* FROM `books` WHERE `books`.`id` = 2 LIMIT 1[0m
Unpermitted parameter: :id
  [1m[35m (1.1ms)[0m  [1m[35mBEGIN[0m
  [1m[35mSQL (6.0ms)[0m  [1m[33mUPDATE `books` SET `title` = 'Updated', `author` = 'Bang Tran New', `weight` = '200', `publisher` = 'Bang Tran Newest', `language` = 'betonamu', `pages` = 220, `publication_date` = '2018-10-29 00:00:00', `updated_at` = '2018-03-08 07:54:34' WHERE `books`.`id` = 2[0m
  [1m[35m (1.3ms)[0m  [1m[35mCOMMIT[0m
[active_model_serializers] Rendered ActiveModel::Serializer::Null with Hash (12.78ms)
Completed 200 OK in 394ms (Views: 55.2ms | ActiveRecord: 18.3ms)


Started GET "/v1/books" for 127.0.0.1 at 2018-03-08 16:54:39 +0900
Processing by V1::BooksController#index as */*
  [1m[36mBook Load (2.5ms)[0m  [1m[34mSELECT `books`.* FROM `books`[0m
[active_model_serializers] Rendered ActiveModel::Serializer::CollectionSerializer with ActiveModelSerializers::Adapter::JsonApi (231.73ms)
Completed 200 OK in 309ms (Views: 287.4ms | ActiveRecord: 2.5ms)


Started GET "/v1/books" for 127.0.0.1 at 2018-03-08 17:06:53 +0900
Processing by V1::BooksController#index as */*
  [1m[36mBook Load (2.5ms)[0m  [1m[34mSELECT `books`.* FROM `books`[0m
[active_model_serializers] Rendered ActiveModel::Serializer::CollectionSerializer with ActiveModelSerializers::Adapter::JsonApi (250.98ms)
Completed 200 OK in 524ms (Views: 474.8ms | ActiveRecord: 6.8ms)


Started DELETE "/v1/books/2" for 127.0.0.1 at 2018-03-08 17:07:06 +0900
Processing by V1::BooksController#destroy as */*
  Parameters: {"id"=>"2"}
  [1m[36mBook Load (9.5ms)[0m  [1m[34mSELECT  `books`.* FROM `books` WHERE `books`.`id` = 2 LIMIT 1[0m
  [1m[35m (1.8ms)[0m  [1m[35mBEGIN[0m
  [1m[35mSQL (4.5ms)[0m  [1m[31mDELETE FROM `books` WHERE `books`.`id` = 2[0m
  [1m[35m (2.0ms)[0m  [1m[35mCOMMIT[0m
[active_model_serializers] Rendered ActiveModel::Serializer::Null with Hash (1.57ms)
Completed 200 OK in 140ms (Views: 51.4ms | ActiveRecord: 17.8ms)


Started DELETE "/v1/books/3" for 127.0.0.1 at 2018-03-08 17:07:09 +0900
Processing by V1::BooksController#destroy as */*
  Parameters: {"id"=>"3"}
  [1m[36mBook Load (1.2ms)[0m  [1m[34mSELECT  `books`.* FROM `books` WHERE `books`.`id` = 3 LIMIT 1[0m
  [1m[35m (2.3ms)[0m  [1m[35mBEGIN[0m
  [1m[35mSQL (2.0ms)[0m  [1m[31mDELETE FROM `books` WHERE `books`.`id` = 3[0m
  [1m[35m (4.0ms)[0m  [1m[35mCOMMIT[0m
[active_model_serializers] Rendered ActiveModel::Serializer::Null with Hash (2.46ms)
Completed 200 OK in 58ms (Views: 9.3ms | ActiveRecord: 9.5ms)


Started DELETE "/v1/books/4" for 127.0.0.1 at 2018-03-08 17:07:11 +0900
Processing by V1::BooksController#destroy as */*
  Parameters: {"id"=>"4"}
  [1m[36mBook Load (2.5ms)[0m  [1m[34mSELECT  `books`.* FROM `books` WHERE `books`.`id` = 4 LIMIT 1[0m
  [1m[35m (1.2ms)[0m  [1m[35mBEGIN[0m
  [1m[35mSQL (3.1ms)[0m  [1m[31mDELETE FROM `books` WHERE `books`.`id` = 4[0m
  [1m[35m (2.8ms)[0m  [1m[35mCOMMIT[0m
[active_model_serializers] Rendered ActiveModel::Serializer::Null with Hash (1.26ms)
Completed 200 OK in 61ms (Views: 10.4ms | ActiveRecord: 9.7ms)


Started DELETE "/v1/books/5" for 127.0.0.1 at 2018-03-08 17:07:12 +0900
Processing by V1::BooksController#destroy as */*
  Parameters: {"id"=>"5"}
  [1m[36mBook Load (3.2ms)[0m  [1m[34mSELECT  `books`.* FROM `books` WHERE `books`.`id` = 5 LIMIT 1[0m
  [1m[35m (1.1ms)[0m  [1m[35mBEGIN[0m
  [1m[35mSQL (1.2ms)[0m  [1m[31mDELETE FROM `books` WHERE `books`.`id` = 5[0m
  [1m[35m (6.8ms)[0m  [1m[35mCOMMIT[0m
[active_model_serializers] Rendered ActiveModel::Serializer::Null with Hash (1.22ms)
Completed 200 OK in 64ms (Views: 9.6ms | ActiveRecord: 12.4ms)


Started DELETE "/v1/books/6" for 127.0.0.1 at 2018-03-08 17:07:14 +0900
Processing by V1::BooksController#destroy as */*
  Parameters: {"id"=>"6"}
  [1m[36mBook Load (2.6ms)[0m  [1m[34mSELECT  `books`.* FROM `books` WHERE `books`.`id` = 6 LIMIT 1[0m
  [1m[35m (1.1ms)[0m  [1m[35mBEGIN[0m
  [1m[35mSQL (1.5ms)[0m  [1m[31mDELETE FROM `books` WHERE `books`.`id` = 6[0m
  [1m[35m (4.2ms)[0m  [1m[35mCOMMIT[0m
[active_model_serializers] Rendered ActiveModel::Serializer::Null with Hash (1.17ms)
Completed 200 OK in 64ms (Views: 10.4ms | ActiveRecord: 9.5ms)


Started DELETE "/v1/books/7" for 127.0.0.1 at 2018-03-08 17:07:15 +0900
Processing by V1::BooksController#destroy as */*
  Parameters: {"id"=>"7"}
  [1m[36mBook Load (2.5ms)[0m  [1m[34mSELECT  `books`.* FROM `books` WHERE `books`.`id` = 7 LIMIT 1[0m
  [1m[35m (1.1ms)[0m  [1m[35mBEGIN[0m
  [1m[35mSQL (1.3ms)[0m  [1m[31mDELETE FROM `books` WHERE `books`.`id` = 7[0m
  [1m[35m (2.6ms)[0m  [1m[35mCOMMIT[0m
[active_model_serializers] Rendered ActiveModel::Serializer::Null with Hash (2.48ms)
Completed 200 OK in 57ms (Views: 9.4ms | ActiveRecord: 7.5ms)


Started DELETE "/v1/books/8" for 127.0.0.1 at 2018-03-08 17:07:16 +0900
Processing by V1::BooksController#destroy as */*
  Parameters: {"id"=>"8"}
  [1m[36mBook Load (1.2ms)[0m  [1m[34mSELECT  `books`.* FROM `books` WHERE `books`.`id` = 8 LIMIT 1[0m
  [1m[35m (2.3ms)[0m  [1m[35mBEGIN[0m
  [1m[35mSQL (2.7ms)[0m  [1m[31mDELETE FROM `books` WHERE `books`.`id` = 8[0m
  [1m[35m (3.5ms)[0m  [1m[35mCOMMIT[0m
[active_model_serializers] Rendered ActiveModel::Serializer::Null with Hash (1.09ms)
Completed 200 OK in 54ms (Views: 9.1ms | ActiveRecord: 9.7ms)


Started DELETE "/v1/books/9" for 127.0.0.1 at 2018-03-08 17:07:18 +0900
Processing by V1::BooksController#destroy as */*
  Parameters: {"id"=>"9"}
  [1m[36mBook Load (1.4ms)[0m  [1m[34mSELECT  `books`.* FROM `books` WHERE `books`.`id` = 9 LIMIT 1[0m
  [1m[35m (1.1ms)[0m  [1m[35mBEGIN[0m
  [1m[35mSQL (1.3ms)[0m  [1m[31mDELETE FROM `books` WHERE `books`.`id` = 9[0m
  [1m[35m (2.8ms)[0m  [1m[35mCOMMIT[0m
[active_model_serializers] Rendered ActiveModel::Serializer::Null with Hash (2.59ms)
Completed 200 OK in 69ms (Views: 21.8ms | ActiveRecord: 6.6ms)


Started DELETE "/v1/books/10" for 127.0.0.1 at 2018-03-08 17:07:20 +0900
Processing by V1::BooksController#destroy as */*
  Parameters: {"id"=>"10"}
  [1m[36mBook Load (1.2ms)[0m  [1m[34mSELECT  `books`.* FROM `books` WHERE `books`.`id` = 10 LIMIT 1[0m
  [1m[35m (2.4ms)[0m  [1m[35mBEGIN[0m
  [1m[35mSQL (2.4ms)[0m  [1m[31mDELETE FROM `books` WHERE `books`.`id` = 10[0m
  [1m[35m (2.4ms)[0m  [1m[35mCOMMIT[0m
[active_model_serializers] Rendered ActiveModel::Serializer::Null with Hash (1.18ms)
Completed 200 OK in 54ms (Views: 9.9ms | ActiveRecord: 8.4ms)


Started DELETE "/v1/books/11" for 127.0.0.1 at 2018-03-08 17:07:21 +0900
Processing by V1::BooksController#destroy as */*
  Parameters: {"id"=>"11"}
  [1m[36mBook Load (2.5ms)[0m  [1m[34mSELECT  `books`.* FROM `books` WHERE `books`.`id` = 11 LIMIT 1[0m
Completed 500 Internal Server Error in 164ms (ActiveRecord: 2.5ms)


  
NoMethodError (undefined method `destroy' for nil:NilClass):
  
app/controllers/v1/books_controller.rb:39:in `destroy'
Started DELETE "/v1/books/11" for 127.0.0.1 at 2018-03-08 17:08:02 +0900
Processing by V1::BooksController#destroy as */*
  Parameters: {"id"=>"11"}
  [1m[36mBook Load (1.4ms)[0m  [1m[34mSELECT  `books`.* FROM `books` WHERE `books`.`id` = 11 LIMIT 1[0m
[active_model_serializers] Rendered ActiveModel::Serializer::Null with Hash (1.33ms)
Completed 200 OK in 153ms (Views: 59.9ms | ActiveRecord: 1.4ms)


Started GET "/v1/books" for 127.0.0.1 at 2018-03-08 17:23:55 +0900
  
SyntaxError (/Users/bang.tran/Rails_projects/API_Project/library/app/controllers/v1/books_controller.rb:21: syntax error, unexpected ')', expecting =>
ess_template(data: book, "Ok")
                              ^):
  
app/controllers/v1/books_controller.rb:21: syntax error, unexpected ')', expecting =>
Started GET "/v1/books" for 127.0.0.1 at 2018-03-08 17:24:22 +0900
Processing by V1::BooksController#index as */*
Completed 500 Internal Server Error in 303ms (ActiveRecord: 0.0ms)


  
NoMethodError (undefined method `success' for TemplateJson:Module):
  
app/controllers/v1/base_controller.rb:3:in `success_template'
app/controllers/v1/books_controller.rb:5:in `index'
Started GET "/v1/books" for 127.0.0.1 at 2018-03-08 17:24:54 +0900
Processing by V1::BooksController#index as */*
[active_model_serializers]   [1m[36mBook Load (1.2ms)[0m  [1m[34mSELECT `books`.* FROM `books`[0m
[active_model_serializers] Rendered ActiveModel::Serializer::Null with Hash (171.53ms)
Completed 200 OK in 262ms (Views: 209.7ms | ActiveRecord: 6.1ms)


Started POST "/v1/books" for 127.0.0.1 at 2018-03-08 17:24:59 +0900
Processing by V1::BooksController#create as */*
  Parameters: {"title"=>"Create API with Versionist and Rails", "author"=>"Bang Tran", "weight"=>"100", "publisher"=>"Bang Tran", "language"=>"VietNameses", "pages"=>"", "publication_date"=>""}
  [1m[35m (2.1ms)[0m  [1m[35mBEGIN[0m
  [1m[35m (1.1ms)[0m  [1m[31mROLLBACK[0m
[active_model_serializers] Rendered ActiveModel::Serializer::Null with Hash (1.45ms)
Completed 200 OK in 76ms (Views: 11.9ms | ActiveRecord: 3.3ms)


Started POST "/v1/books" for 127.0.0.1 at 2018-03-08 17:25:09 +0900
Processing by V1::BooksController#create as */*
  Parameters: {"title"=>"Create API with Versionist and Rails", "author"=>"Bang Tran", "weight"=>"100", "publisher"=>"Bang Tran", "language"=>"VietNameses", "pages"=>"111", "publication_date"=>"2018-10-20"}
  [1m[35m (2.7ms)[0m  [1m[35mBEGIN[0m
  [1m[35mSQL (1.5ms)[0m  [1m[32mINSERT INTO `books` (`title`, `author`, `weight`, `publisher`, `language`, `pages`, `publication_date`, `created_at`, `updated_at`) VALUES ('Create API with Versionist and Rails', 'Bang Tran', '100', 'Bang Tran', 'VietNameses', 111, '2018-10-20 00:00:00', '2018-03-08 08:25:09', '2018-03-08 08:25:09')[0m
  [1m[35m (2.7ms)[0m  [1m[35mCOMMIT[0m
[active_model_serializers] Rendered ActiveModel::Serializer::Null with Hash (15.8ms)
Completed 200 OK in 148ms (Views: 24.5ms | ActiveRecord: 6.8ms)


Started GET "/v1/books/5" for 127.0.0.1 at 2018-03-08 17:25:13 +0900
Processing by V1::BooksController#show as */*
  Parameters: {"id"=>"5"}
  [1m[36mBook Load (1.2ms)[0m  [1m[34mSELECT  `books`.* FROM `books` WHERE `books`.`id` = 5 LIMIT 1[0m
[active_model_serializers] Rendered ActiveModel::Serializer::Null with Hash (1.23ms)
Completed 200 OK in 33ms (Views: 9.0ms | ActiveRecord: 1.2ms)


Started GET "/v1/books/1" for 127.0.0.1 at 2018-03-08 17:25:16 +0900
Processing by V1::BooksController#show as */*
  Parameters: {"id"=>"1"}
  [1m[36mBook Load (1.4ms)[0m  [1m[34mSELECT  `books`.* FROM `books` WHERE `books`.`id` = 1 LIMIT 1[0m
[active_model_serializers] Rendered ActiveModel::Serializer::Null with Hash (19.36ms)
Completed 200 OK in 47ms (Views: 28.3ms | ActiveRecord: 1.4ms)


Started PUT "/v1/books/11" for 127.0.0.1 at 2018-03-08 17:25:29 +0900
Processing by V1::BooksController#update as */*
  Parameters: {"title"=>"Updated", "author"=>"Bang Tran New", "weight"=>"200", "publisher"=>"Bang Tran Newest", "language"=>"betonamu", "pages"=>"220", "publication_date"=>"2018-10-29", "id"=>"11"}
  [1m[36mBook Load (1.7ms)[0m  [1m[34mSELECT  `books`.* FROM `books` WHERE `books`.`id` = 11 LIMIT 1[0m
Unpermitted parameter: :id
  [1m[35m (2.7ms)[0m  [1m[35mBEGIN[0m
  [1m[35mSQL (2.6ms)[0m  [1m[33mUPDATE `books` SET `title` = 'Updated', `author` = 'Bang Tran New', `weight` = '200', `publisher` = 'Bang Tran Newest', `language` = 'betonamu', `pages` = 220, `publication_date` = '2018-10-29 00:00:00', `updated_at` = '2018-03-08 08:25:29' WHERE `books`.`id` = 11[0m
  [1m[35m (2.6ms)[0m  [1m[35mCOMMIT[0m
[active_model_serializers] Rendered ActiveModel::Serializer::Null with Hash (10.8ms)
Completed 200 OK in 137ms (Views: 19.4ms | ActiveRecord: 9.6ms)


Started GET "/v1/books" for 127.0.0.1 at 2018-03-08 17:25:33 +0900
Processing by V1::BooksController#index as */*
[active_model_serializers]   [1m[36mBook Load (2.2ms)[0m  [1m[34mSELECT `books`.* FROM `books`[0m
[active_model_serializers] Rendered ActiveModel::Serializer::Null with Hash (36.03ms)
Completed 200 OK in 47ms (Views: 40.8ms | ActiveRecord: 2.2ms)


Started DELETE "/v1/books/11" for 127.0.0.1 at 2018-03-08 17:25:38 +0900
Processing by V1::BooksController#destroy as */*
  Parameters: {"id"=>"11"}
  [1m[36mBook Load (1.3ms)[0m  [1m[34mSELECT  `books`.* FROM `books` WHERE `books`.`id` = 11 LIMIT 1[0m
  [1m[35m (1.3ms)[0m  [1m[35mBEGIN[0m
  [1m[35mSQL (2.4ms)[0m  [1m[31mDELETE FROM `books` WHERE `books`.`id` = 11[0m
  [1m[35m (2.0ms)[0m  [1m[35mCOMMIT[0m
[active_model_serializers] Rendered ActiveModel::Serializer::Null with Hash (14.76ms)
Completed 200 OK in 68ms (Views: 24.7ms | ActiveRecord: 7.0ms)


Started DELETE "/v1/books/11" for 127.0.0.1 at 2018-03-08 17:25:58 +0900
Processing by V1::BooksController#destroy as */*
  Parameters: {"id"=>"11"}
  [1m[36mBook Load (1.6ms)[0m  [1m[34mSELECT  `books`.* FROM `books` WHERE `books`.`id` = 11 LIMIT 1[0m
[active_model_serializers] Rendered ActiveModel::Serializer::Null with Hash (1.42ms)
Completed 200 OK in 152ms (Views: 48.1ms | ActiveRecord: 4.2ms)


Started POST "/v1/books" for 127.0.0.1 at 2018-03-08 17:26:04 +0900
Processing by V1::BooksController#create as */*
  Parameters: {"title"=>"Create API with Versionist and Rails", "author"=>"Bang Tran", "weight"=>"100", "publisher"=>"Bang Tran", "language"=>"VietNameses", "pages"=>"111", "publication_date"=>"2018-10-20"}
  [1m[35m (1.1ms)[0m  [1m[35mBEGIN[0m
  [1m[35mSQL (1.2ms)[0m  [1m[32mINSERT INTO `books` (`title`, `author`, `weight`, `publisher`, `language`, `pages`, `publication_date`, `created_at`, `updated_at`) VALUES ('Create API with Versionist and Rails', 'Bang Tran', '100', 'Bang Tran', 'VietNameses', 111, '2018-10-20 00:00:00', '2018-03-08 08:26:04', '2018-03-08 08:26:04')[0m
  [1m[35m (3.8ms)[0m  [1m[35mCOMMIT[0m
[active_model_serializers] Rendered ActiveModel::Serializer::Null with Hash (11.09ms)
Completed 200 OK in 277ms (Views: 20.0ms | ActiveRecord: 16.1ms)


Started DELETE "/v1/books/12" for 127.0.0.1 at 2018-03-08 17:26:06 +0900
Processing by V1::BooksController#destroy as */*
  Parameters: {"id"=>"12"}
  [1m[36mBook Load (1.5ms)[0m  [1m[34mSELECT  `books`.* FROM `books` WHERE `books`.`id` = 12 LIMIT 1[0m
  [1m[35m (1.0ms)[0m  [1m[35mBEGIN[0m
  [1m[35mSQL (2.5ms)[0m  [1m[31mDELETE FROM `books` WHERE `books`.`id` = 12[0m
  [1m[35m (1.3ms)[0m  [1m[35mCOMMIT[0m
Completed 500 Internal Server Error in 44ms (ActiveRecord: 6.3ms)


  
ArgumentError (wrong number of arguments (given 1, expected 2)):
  
app/controllers/v1/base_controller.rb:2:in `success_template'
app/controllers/v1/books_controller.rb:40:in `destroy'
Started DELETE "/v1/books/12" for 127.0.0.1 at 2018-03-08 17:27:00 +0900
Processing by V1::BooksController#destroy as */*
  Parameters: {"id"=>"12"}
  [1m[36mBook Load (1.3ms)[0m  [1m[34mSELECT  `books`.* FROM `books` WHERE `books`.`id` = 12 LIMIT 1[0m
[active_model_serializers] Rendered ActiveModel::Serializer::Null with Hash (1.11ms)
Completed 200 OK in 150ms (Views: 44.3ms | ActiveRecord: 1.3ms)


Started POST "/v1/books" for 127.0.0.1 at 2018-03-08 17:27:07 +0900
Processing by V1::BooksController#create as */*
  Parameters: {"title"=>"Create API with Versionist and Rails", "author"=>"Bang Tran", "weight"=>"100", "publisher"=>"Bang Tran", "language"=>"VietNameses", "pages"=>"111", "publication_date"=>"2018-10-20"}
  [1m[35m (1.0ms)[0m  [1m[35mBEGIN[0m
  [1m[35mSQL (1.2ms)[0m  [1m[32mINSERT INTO `books` (`title`, `author`, `weight`, `publisher`, `language`, `pages`, `publication_date`, `created_at`, `updated_at`) VALUES ('Create API with Versionist and Rails', 'Bang Tran', '100', 'Bang Tran', 'VietNameses', 111, '2018-10-20 00:00:00', '2018-03-08 08:27:08', '2018-03-08 08:27:08')[0m
  [1m[35m (2.7ms)[0m  [1m[35mCOMMIT[0m
Completed 500 Internal Server Error in 257ms (ActiveRecord: 8.4ms)


  
ArgumentError (wrong number of arguments (given 2, expected 1)):
  
app/controllers/v1/base_controller.rb:6:in `success_template'
app/controllers/v1/books_controller.rb:12:in `create'
Started POST "/v1/books" for 127.0.0.1 at 2018-03-08 17:27:20 +0900
Processing by V1::BooksController#create as */*
  Parameters: {"title"=>"Create API with Versionist and Rails", "author"=>"Bang Tran", "weight"=>"100", "publisher"=>"Bang Tran", "language"=>"VietNameses", "pages"=>"111", "publication_date"=>"2018-10-20"}
  [1m[35m (1.2ms)[0m  [1m[35mBEGIN[0m
  [1m[35mSQL (1.5ms)[0m  [1m[32mINSERT INTO `books` (`title`, `author`, `weight`, `publisher`, `language`, `pages`, `publication_date`, `created_at`, `updated_at`) VALUES ('Create API with Versionist and Rails', 'Bang Tran', '100', 'Bang Tran', 'VietNameses', 111, '2018-10-20 00:00:00', '2018-03-08 08:27:20', '2018-03-08 08:27:20')[0m
  [1m[35m (1.3ms)[0m  [1m[35mCOMMIT[0m
Completed 500 Internal Server Error in 92ms (ActiveRecord: 3.9ms)


  
ArgumentError (wrong number of arguments (given 2, expected 1)):
  
app/controllers/v1/base_controller.rb:6:in `success_template'
app/controllers/v1/books_controller.rb:12:in `create'
Started GET "/v1/books" for 127.0.0.1 at 2018-03-08 17:27:23 +0900
Processing by V1::BooksController#index as */*
Completed 500 Internal Server Error in 4ms (ActiveRecord: 0.0ms)


  
ArgumentError (wrong number of arguments (given 2, expected 1)):
  
app/controllers/v1/base_controller.rb:6:in `success_template'
app/controllers/v1/books_controller.rb:5:in `index'
Started GET "/v1/books" for 127.0.0.1 at 2018-03-08 17:28:08 +0900
Processing by V1::BooksController#index as */*
[active_model_serializers]   [1m[36mBook Load (1.8ms)[0m  [1m[34mSELECT `books`.* FROM `books`[0m
[active_model_serializers] Rendered ActiveModel::Serializer::Null with Hash (187.29ms)
Completed 200 OK in 279ms (Views: 224.9ms | ActiveRecord: 4.7ms)


Started DELETE "/v1/books/12" for 127.0.0.1 at 2018-03-08 17:28:14 +0900
Processing by V1::BooksController#destroy as */*
  Parameters: {"id"=>"12"}
  [1m[36mBook Load (4.0ms)[0m  [1m[34mSELECT  `books`.* FROM `books` WHERE `books`.`id` = 12 LIMIT 1[0m
[active_model_serializers] Rendered ActiveModel::Serializer::Null with Hash (2.73ms)
Completed 200 OK in 47ms (Views: 10.3ms | ActiveRecord: 4.0ms)


Started DELETE "/v1/books/13" for 127.0.0.1 at 2018-03-08 17:28:17 +0900
Processing by V1::BooksController#destroy as */*
  Parameters: {"id"=>"13"}
  [1m[36mBook Load (2.4ms)[0m  [1m[34mSELECT  `books`.* FROM `books` WHERE `books`.`id` = 13 LIMIT 1[0m
  [1m[35m (2.4ms)[0m  [1m[35mBEGIN[0m
  [1m[35mSQL (1.6ms)[0m  [1m[31mDELETE FROM `books` WHERE `books`.`id` = 13[0m
  [1m[35m (2.7ms)[0m  [1m[35mCOMMIT[0m
[active_model_serializers] Rendered ActiveModel::Serializer::Null with Hash (2.55ms)
Completed 200 OK in 54ms (Views: 9.8ms | ActiveRecord: 9.1ms)


Started PUT "/v1/books/14" for 127.0.0.1 at 2018-03-08 17:28:22 +0900
Processing by V1::BooksController#update as */*
  Parameters: {"title"=>"Updated", "author"=>"Bang Tran New", "weight"=>"200", "publisher"=>"Bang Tran Newest", "language"=>"betonamu", "pages"=>"220", "publication_date"=>"2018-10-29", "id"=>"14"}
  [1m[36mBook Load (2.8ms)[0m  [1m[34mSELECT  `books`.* FROM `books` WHERE `books`.`id` = 14 LIMIT 1[0m
Unpermitted parameter: :id
  [1m[35m (1.0ms)[0m  [1m[35mBEGIN[0m
  [1m[35mSQL (1.4ms)[0m  [1m[33mUPDATE `books` SET `title` = 'Updated', `author` = 'Bang Tran New', `weight` = '200', `publisher` = 'Bang Tran Newest', `language` = 'betonamu', `pages` = 220, `publication_date` = '2018-10-29 00:00:00', `updated_at` = '2018-03-08 08:28:22' WHERE `books`.`id` = 14[0m
  [1m[35m (3.6ms)[0m  [1m[35mCOMMIT[0m
[active_model_serializers] Rendered ActiveModel::Serializer::Null with Hash (11.51ms)
Completed 200 OK in 129ms (Views: 18.7ms | ActiveRecord: 8.8ms)


Started GET "/v1/books/1" for 127.0.0.1 at 2018-03-08 17:28:27 +0900
Processing by V1::BooksController#show as */*
  Parameters: {"id"=>"1"}
  [1m[36mBook Load (2.6ms)[0m  [1m[34mSELECT  `books`.* FROM `books` WHERE `books`.`id` = 1 LIMIT 1[0m
[active_model_serializers] Rendered ActiveModel::Serializer::Null with Hash (13.14ms)
Completed 200 OK in 39ms (Views: 20.6ms | ActiveRecord: 2.6ms)


Started GET "/v1/books/14" for 127.0.0.1 at 2018-03-08 17:28:29 +0900
Processing by V1::BooksController#show as */*
  Parameters: {"id"=>"14"}
  [1m[36mBook Load (1.3ms)[0m  [1m[34mSELECT  `books`.* FROM `books` WHERE `books`.`id` = 14 LIMIT 1[0m
[active_model_serializers] Rendered ActiveModel::Serializer::Null with Hash (11.7ms)
Completed 200 OK in 36ms (Views: 20.3ms | ActiveRecord: 1.3ms)


Started POST "/v1/books" for 127.0.0.1 at 2018-03-08 17:28:32 +0900
Processing by V1::BooksController#create as */*
  Parameters: {"title"=>"Create API with Versionist and Rails", "author"=>"Bang Tran", "weight"=>"100", "publisher"=>"Bang Tran", "language"=>"VietNameses", "pages"=>"111", "publication_date"=>"2018-10-20"}
  [1m[35m (1.0ms)[0m  [1m[35mBEGIN[0m
  [1m[35mSQL (1.8ms)[0m  [1m[32mINSERT INTO `books` (`title`, `author`, `weight`, `publisher`, `language`, `pages`, `publication_date`, `created_at`, `updated_at`) VALUES ('Create API with Versionist and Rails', 'Bang Tran', '100', 'Bang Tran', 'VietNameses', 111, '2018-10-20 00:00:00', '2018-03-08 08:28:33', '2018-03-08 08:28:33')[0m
  [1m[35m (1.6ms)[0m  [1m[35mCOMMIT[0m
[active_model_serializers] Rendered ActiveModel::Serializer::Null with Hash (12.38ms)
Completed 200 OK in 141ms (Views: 25.3ms | ActiveRecord: 4.4ms)


Started GET "/v1/books" for 127.0.0.1 at 2018-03-08 17:28:37 +0900
Processing by V1::BooksController#index as */*
[active_model_serializers]   [1m[36mBook Load (2.0ms)[0m  [1m[34mSELECT `books`.* FROM `books`[0m
[active_model_serializers] Rendered ActiveModel::Serializer::Null with Hash (58.97ms)
Completed 200 OK in 72ms (Views: 66.2ms | ActiveRecord: 2.0ms)


